#
# A fatal error has been detected by the Java Runtime Environment:
#
#  EXCEPTION_GUARD_PAGE (0x80000001) at pc=0x00007ffe796571b8, pid=17120, tid=5244
#
# JRE version: OpenJDK Runtime Environment (11.0.6+8) (build 11.0.6+8-b520.43)
# Java VM: OpenJDK 64-Bit Server VM (11.0.6+8-b520.43, mixed mode, tiered, compressed oops, g1 gc, windows-amd64)
# Problematic frame:
# C  [nio.dll+0x71b8]
#
# No core dump will be written. Minidumps are not enabled by default on client versions of Windows
#
# If you would like to submit a bug report, please visit:
#   http://bugreport.java.com/bugreport/crash.jsp
# The crash happened outside the Java Virtual Machine in native code.
# See problematic frame for where to report the bug.
#

---------------  S U M M A R Y ------------

Command Line: -javaagent:C:\Program Files\JetBrains\IntelliJ IDEA Community Edition 2019.3.3\lib\idea_rt.jar=53519:C:\Program Files\JetBrains\IntelliJ IDEA Community Edition 2019.3.3\bin -Dfile.encoding=UTF-8 com.pluralsight.conferincedemo.ConferinceDemoApplication

Host: Intel(R) Xeon(R) CPU E3-1505M v5 @ 2.80GHz, 8 cores, 15G,  Windows 10 , 64 bit Build 18362 (10.0.18362.329)
Time: Thu Apr  9 12:17:53 2020 GTB Daylight Time elapsed time: 123835 seconds (1d 10h 23m 55s)

---------------  T H R E A D  ---------------

Current thread (0x00000230a7e56000):  JavaThread "http-nio-8080-BlockPoller" daemon [_thread_in_native, id=5244, stack(0x0000004a91100000,0x0000004a91200000)]

Stack: [0x0000004a91100000,0x0000004a91200000],  sp=0x0000004a911ff088,  free space=1020k
Native frames: (J=compiled Java code, j=interpreted, Vv=VM code, C=native code)
C  [nio.dll+0x71b8]

Java frames: (J=compiled Java code, j=interpreted, Vv=VM code)
J 5079  sun.nio.ch.WindowsSelectorImpl$SubSelector.poll0(JI[I[I[IJ)I java.base@11.0.6 (0 bytes) @ 0x000002308de95ce2 [0x000002308de95c40+0x00000000000000a2]
J 5372 c2 sun.nio.ch.SelectorImpl.select(J)I java.base@11.0.6 (35 bytes) @ 0x000002308df74ffc [0x000002308df74540+0x0000000000000abc]
J 6040% c2 org.apache.tomcat.util.net.NioBlockingSelector$BlockPoller.run()V (416 bytes) @ 0x000002308dfd56bc [0x000002308dfd5580+0x000000000000013c]
v  ~StubRoutines::call_stub

siginfo: EXCEPTION_GUARD_PAGE (0x80000001), ExceptionInformation=0x0000000000000001 0x0000004a91ced000 


Register to memory mapping:

RIP=0x00007ffe796571b8 nio.dll
RAX=0x000000000000d0e0 is an unknown value
RBX=0x00000000000003e8 is an unknown value
RCX=0x00000230a7e56340 points into unknown readable memory: 90 3c 26 47 fe 7f 00 00
RDX=0x0000004a911ff110 is pointing into the stack for thread: 0x00000230a7e56000
RSP=0x0000004a911ff088 is pointing into the stack for thread: 0x00000230a7e56000
RBP=0x0000004a911f20c0 is pointing into the stack for thread: 0x00000230a7e56000
RSI=0x00000007034baf40 is an oop: [I 
{0x00000007034baf40} - klass: {type array int}
 - length: 1025
RDI=0x00000007034bbf58 is an oop: [I 
{0x00000007034bbf58} - klass: {type array int}
 - length: 1025
R8 =0x00000230a9212000 points into unknown readable memory: 88 08 00 00 00 03 79 2f
R9 =0x0000000000000001 is an unknown value
R10=0x0000004a911f1000 is pointing into the stack for thread: 0x00000230a7e56000
R11=0x0000004a91ced000 is pointing into the stack for thread: 0x00000230a959d000
R12=0x0 is NULL
R13=0x00000007034bcf90 is an oop: sun.nio.ch.WindowsSelectorImpl 
{0x00000007034bcf90} - klass: 'sun/nio/ch/WindowsSelectorImpl'
R14=0x0000000703dc61d0 is an oop: java.lang.Object 
{0x0000000703dc61d0} - klass: 'java/lang/Object'
R15=0x00000230a7e56000 is a thread


Registers:
RAX=0x000000000000d0e0, RBX=0x00000000000003e8, RCX=0x00000230a7e56340, RDX=0x0000004a911ff110
RSP=0x0000004a911ff088, RBP=0x0000004a911f20c0, RSI=0x00000007034baf40, RDI=0x00000007034bbf58
R8 =0x00000230a9212000, R9 =0x0000000000000001, R10=0x0000004a911f1000, R11=0x0000004a91ced000
R12=0x0000000000000000, R13=0x00000007034bcf90, R14=0x0000000703dc61d0, R15=0x00000230a7e56000
RIP=0x00007ffe796571b8, EFLAGS=0x0000000000010287

Top of Stack: (sp=0x0000004a911ff088)
0x0000004a911ff088:   00007ffe79656ad0 0000000000000400
0x0000004a911ff098:   00007ffe79656af9 00000230a7e56000
0x0000004a911ff0a8:   0000000703dc61d0 00000007034bcf90
0x0000004a911ff0b8:   0000000000000000 0000004a911ff150
0x0000004a911ff0c8:   000002308de95d82 00000007034bcf90
0x0000004a911ff0d8:   00000000000003e8 00000007034baf40
0x0000004a911ff0e8:   00000007034bbf58 0000004a911ff128
0x0000004a911ff0f8:   0000004a911ff130 0000004a911ff138
0x0000004a911ff108:   00000000000003e8 00000007034bcf70
0x0000004a911ff118:   0000004a911ff140 0000023095e865ce
0x0000004a911ff128:   00000007034bbf58 00000007034baf40
0x0000004a911ff138:   00000007034b9f28 00000230a7e56000
0x0000004a911ff148:   0000000000000202 00000007034bcf90
0x0000004a911ff158:   000002308df74ffc 00000000000003e8
0x0000004a911ff168:   0000004a911ff230 0000000000000000
0x0000004a911ff178:   00000230a398af60 0000000100000000 

Instructions: (pc=0x00007ffe796571b8)
0x00007ffe796570b8:   48 8b ca 49 8b d1 e8 0d 00 00 00 b8 01 00 00 00
0x00007ffe796570c8:   48 83 c4 28 c3 cc cc cc 40 53 45 8b 18 48 8b da
0x00007ffe796570d8:   41 83 e3 f8 4c 8b c9 41 f6 00 04 4c 8b d1 74 13
0x00007ffe796570e8:   41 8b 40 08 4d 63 50 04 f7 d8 4c 03 d1 48 63 c8
0x00007ffe796570f8:   4c 23 d1 49 63 c3 4a 8b 14 10 48 8b 43 10 8b 48
0x00007ffe79657108:   08 48 03 4b 08 f6 41 03 0f 74 0a 0f b6 41 03 83
0x00007ffe79657118:   e0 f0 4c 03 c8 4c 33 ca 49 8b c9 5b e9 17 00 00
0x00007ffe79657128:   00 cc cc cc cc cc cc cc cc cc cc cc cc cc 66 66
0x00007ffe79657138:   0f 1f 84 00 00 00 00 00 48 3b 0d c9 7e 00 00 f2
0x00007ffe79657148:   75 12 48 c1 c1 10 66 f7 c1 ff ff f2 75 02 f2 c3
0x00007ffe79657158:   48 c1 c9 10 e9 33 04 00 00 cc cc cc cc cc cc cc
0x00007ffe79657168:   cc cc cc cc cc cc cc cc cc cc cc cc cc cc 66 66
0x00007ffe79657178:   0f 1f 84 00 00 00 00 00 48 83 ec 10 4c 89 14 24
0x00007ffe79657188:   4c 89 5c 24 08 4d 33 db 4c 8d 54 24 18 4c 2b d0
0x00007ffe79657198:   4d 0f 42 d3 65 4c 8b 1c 25 10 00 00 00 4d 3b d3
0x00007ffe796571a8:   f2 73 17 66 41 81 e2 00 f0 4d 8d 9b 00 f0 ff ff
0x00007ffe796571b8:   41 c6 03 00 4d 3b d3 f2 75 ef 4c 8b 14 24 4c 8b
0x00007ffe796571c8:   5c 24 08 48 83 c4 10 f2 c3 cc cc cc 48 83 ec 28
0x00007ffe796571d8:   85 d2 74 39 83 ea 01 74 28 83 ea 01 74 16 83 fa
0x00007ffe796571e8:   01 74 0a b8 01 00 00 00 48 83 c4 28 c3 e8 92 05
0x00007ffe796571f8:   00 00 eb 05 e8 63 05 00 00 0f b6 c0 48 83 c4 28
0x00007ffe79657208:   c3 49 8b d0 48 83 c4 28 e9 0f 00 00 00 4d 85 c0
0x00007ffe79657218:   0f 95 c1 48 83 c4 28 e9 2c 01 00 00 48 89 5c 24
0x00007ffe79657228:   08 48 89 74 24 10 48 89 7c 24 20 41 56 48 83 ec
0x00007ffe79657238:   20 48 8b f2 4c 8b f1 33 c9 e8 06 06 00 00 84 c0
0x00007ffe79657248:   75 07 33 c0 e9 e8 00 00 00 e8 86 04 00 00 8a d8
0x00007ffe79657258:   88 44 24 40 40 b7 01 83 3d ba 84 00 00 00 74 0a
0x00007ffe79657268:   b9 07 00 00 00 e8 66 09 00 00 c7 05 a4 84 00 00
0x00007ffe79657278:   01 00 00 00 e8 cb 04 00 00 84 c0 74 67 e8 96 0a
0x00007ffe79657288:   00 00 48 8d 0d db 0a 00 00 e8 0a 08 00 00 e8 ed
0x00007ffe79657298:   08 00 00 48 8d 0d f6 08 00 00 e8 f9 07 00 00 e8
0x00007ffe796572a8:   08 09 00 00 48 8d 15 d5 22 00 00 48 8d 0d c6 22 


Stack slot to memory mapping:
stack at sp + 0 slots: 0x00007ffe79656ad0 nio.dll
stack at sp + 1 slots: 0x0000000000000400 is an unknown value
stack at sp + 2 slots: 0x00007ffe79656af9 nio.dll
stack at sp + 3 slots: 0x00000230a7e56000 is a thread
stack at sp + 4 slots: 0x0000000703dc61d0 is an oop: java.lang.Object 
{0x0000000703dc61d0} - klass: 'java/lang/Object'
stack at sp + 5 slots: 0x00000007034bcf90 is an oop: sun.nio.ch.WindowsSelectorImpl 
{0x00000007034bcf90} - klass: 'sun/nio/ch/WindowsSelectorImpl'
stack at sp + 6 slots: 0x0 is NULL
stack at sp + 7 slots: 0x0000004a911ff150 is pointing into the stack for thread: 0x00000230a7e56000


---------------  P R O C E S S  ---------------

Threads class SMR info:
_java_thread_list=0x00000230a2246190, length=27, elements={
0x00000230a2134800, 0x00000230a2138800, 0x00000230a21b3800, 0x00000230a21b4800,
0x00000230a21b5800, 0x00000230a21b9800, 0x00000230a21c1000, 0x00000230a2130800,
0x00000230a275d800, 0x00000230a7e52800, 0x00000230a7e51000, 0x00000230a7e55000,
0x00000230a7e53800, 0x00000230a7e56000, 0x00000230a7e57000, 0x00000230a7e52000,
0x00000230a9594000, 0x00000230a9595000, 0x00000230a9596000, 0x00000230a9593800,
0x00000230a959c800, 0x00000230a959a000, 0x00000230a9596800, 0x00000230a9599000,
0x00000230a959d000, 0x00000230a9597800, 0x00000230a959e000
}

Java Threads: ( => current thread )
  0x00000230a2134800 JavaThread "Reference Handler" daemon [_thread_blocked, id=8248, stack(0x0000004a8f500000,0x0000004a8f600000)]
  0x00000230a2138800 JavaThread "Finalizer" daemon [_thread_blocked, id=18248, stack(0x0000004a8f600000,0x0000004a8f700000)]
  0x00000230a21b3800 JavaThread "Signal Dispatcher" daemon [_thread_blocked, id=18256, stack(0x0000004a8f700000,0x0000004a8f800000)]
  0x00000230a21b4800 JavaThread "Attach Listener" daemon [_thread_blocked, id=740, stack(0x0000004a8f800000,0x0000004a8f900000)]
  0x00000230a21b5800 JavaThread "C2 CompilerThread0" daemon [_thread_blocked, id=15540, stack(0x0000004a8f900000,0x0000004a8fa00000)]
  0x00000230a21b9800 JavaThread "C1 CompilerThread0" daemon [_thread_blocked, id=1020, stack(0x0000004a8fa00000,0x0000004a8fb00000)]
  0x00000230a21c1000 JavaThread "Sweeper thread" daemon [_thread_blocked, id=9376, stack(0x0000004a8fb00000,0x0000004a8fc00000)]
  0x00000230a2130800 JavaThread "Common-Cleaner" daemon [_thread_blocked, id=16460, stack(0x0000004a8fc00000,0x0000004a8fd00000)]
  0x00000230a275d800 JavaThread "Service Thread" daemon [_thread_blocked, id=10512, stack(0x0000004a8ff00000,0x0000004a90000000)]
  0x00000230a7e52800 JavaThread "Catalina-utility-1" [_thread_blocked, id=8320, stack(0x0000004a90800000,0x0000004a90900000)]
  0x00000230a7e51000 JavaThread "Catalina-utility-2" [_thread_blocked, id=11712, stack(0x0000004a90900000,0x0000004a90a00000)]
  0x00000230a7e55000 JavaThread "container-0" [_thread_blocked, id=8284, stack(0x0000004a90a00000,0x0000004a90b00000)]
  0x00000230a7e53800 JavaThread "HikariPool-1 housekeeper" daemon [_thread_blocked, id=9708, stack(0x0000004a90d00000,0x0000004a90e00000)]
=>0x00000230a7e56000 JavaThread "http-nio-8080-BlockPoller" daemon [_thread_in_native, id=5244, stack(0x0000004a91100000,0x0000004a91200000)]
  0x00000230a7e57000 JavaThread "http-nio-8080-exec-1" daemon [_thread_blocked, id=16144, stack(0x0000004a91200000,0x0000004a91300000)]
  0x00000230a7e52000 JavaThread "http-nio-8080-exec-2" daemon [_thread_blocked, id=7592, stack(0x0000004a91300000,0x0000004a91400000)]
  0x00000230a9594000 JavaThread "http-nio-8080-exec-3" daemon [_thread_blocked, id=7476, stack(0x0000004a91400000,0x0000004a91500000)]
  0x00000230a9595000 JavaThread "http-nio-8080-exec-4" daemon [_thread_blocked, id=12948, stack(0x0000004a91500000,0x0000004a91600000)]
  0x00000230a9596000 JavaThread "http-nio-8080-exec-5" daemon [_thread_blocked, id=14216, stack(0x0000004a91600000,0x0000004a91700000)]
  0x00000230a9593800 JavaThread "http-nio-8080-exec-6" daemon [_thread_blocked, id=15428, stack(0x0000004a91700000,0x0000004a91800000)]
  0x00000230a959c800 JavaThread "http-nio-8080-exec-7" daemon [_thread_blocked, id=11328, stack(0x0000004a91800000,0x0000004a91900000)]
  0x00000230a959a000 JavaThread "http-nio-8080-exec-8" daemon [_thread_blocked, id=11344, stack(0x0000004a91900000,0x0000004a91a00000)]
  0x00000230a9596800 JavaThread "http-nio-8080-exec-9" daemon [_thread_blocked, id=11340, stack(0x0000004a91a00000,0x0000004a91b00000)]
  0x00000230a9599000 JavaThread "http-nio-8080-exec-10" daemon [_thread_blocked, id=11336, stack(0x0000004a91b00000,0x0000004a91c00000)]
  0x00000230a959d000 JavaThread "http-nio-8080-ClientPoller" daemon [_thread_in_native, id=4224, stack(0x0000004a91c00000,0x0000004a91d00000)]
  0x00000230a9597800 JavaThread "http-nio-8080-Acceptor" daemon [_thread_in_native, id=8400, stack(0x0000004a91d00000,0x0000004a91e00000)]
  0x00000230a959e000 JavaThread "DestroyJavaVM" [_thread_blocked, id=12836, stack(0x0000004a8ee00000,0x0000004a8ef00000)]

Other Threads:
  0x00000230a18a7800 VMThread "VM Thread" [stack: 0x0000004a8f400000,0x0000004a8f500000] [id=9208]
  0x00000230a275f000 WatcherThread [stack: 0x0000004a90000000,0x0000004a90100000] [id=9984]
  0x00000230822b3000 GCTaskThread "GC Thread#0" [stack: 0x0000004a8ef00000,0x0000004a8f000000] [id=14644]
  0x00000230a3199000 GCTaskThread "GC Thread#1" [stack: 0x0000004a90200000,0x0000004a90300000] [id=9664]
  0x00000230a3199800 GCTaskThread "GC Thread#2" [stack: 0x0000004a90300000,0x0000004a90400000] [id=15520]
  0x00000230a319a000 GCTaskThread "GC Thread#3" [stack: 0x0000004a90400000,0x0000004a90500000] [id=10568]
  0x00000230a319b000 GCTaskThread "GC Thread#4" [stack: 0x0000004a90500000,0x0000004a90600000] [id=10536]
  0x00000230a32da000 GCTaskThread "GC Thread#5" [stack: 0x0000004a90600000,0x0000004a90700000] [id=10540]
  0x00000230a3811800 GCTaskThread "GC Thread#6" [stack: 0x0000004a90100000,0x0000004a90200000] [id=18132]
  0x00000230a3816000 GCTaskThread "GC Thread#7" [stack: 0x0000004a90f00000,0x0000004a91000000] [id=8516]
  0x0000023082311800 ConcurrentGCThread "G1 Main Marker" [stack: 0x0000004a8f000000,0x0000004a8f100000] [id=12540]
  0x0000023082314000 ConcurrentGCThread "G1 Conc#0" [stack: 0x0000004a8f100000,0x0000004a8f200000] [id=8892]
  0x00000230a3815800 ConcurrentGCThread "G1 Conc#1" [stack: 0x0000004a90700000,0x0000004a90800000] [id=4948]
  0x00000230a177d800 ConcurrentGCThread "G1 Refine#0" [stack: 0x0000004a8f200000,0x0000004a8f300000] [id=3224]
  0x00000230a3817800 ConcurrentGCThread "G1 Refine#1" [stack: 0x0000004a8eb00000,0x0000004a8ec00000] [id=17424]
  0x00000230a177f800 ConcurrentGCThread "G1 Young RemSet Sampling" [stack: 0x0000004a8f300000,0x0000004a8f400000] [id=17488]

Threads with active compile tasks:

VM state:not at safepoint (normal execution)

VM Mutex/Monitor currently owned by a thread: None

OutOfMemory and StackOverflow Exception counts:
StackOverflowErrors=26
LinkageErrors=57

Heap address: 0x0000000702800000, size: 4056 MB, Compressed Oops mode: Zero based, Oop shift amount: 3
Narrow klass base: 0x0000000800000000, Narrow klass shift: 0
Compressed class space size: 1073741824 Address: 0x0000000800000000

Heap:
 garbage-first heap   total 312320K, used 40112K [0x0000000702800000, 0x0000000800000000)
  region size 1024K, 5 young (5120K), 1 survivors (1024K)
 Metaspace       used 65198K, capacity 66633K, committed 66780K, reserved 1107968K
  class space    used 8177K, capacity 8748K, committed 8832K, reserved 1048576K
Heap Regions: E=young(eden), S=young(survivor), O=old, HS=humongous(starts), HC=humongous(continues), CS=collection set, F=free, A=archive, TAMS=top-at-mark-start (previous, next)
|   0|0x0000000702800000, 0x0000000702900000, 0x0000000702900000|100%|HS|  |TAMS 0x0000000702900000, 0x0000000702800000| Complete 
|   1|0x0000000702900000, 0x0000000702a00000, 0x0000000702a00000|100%| O|  |TAMS 0x0000000702a00000, 0x0000000702900000| Untracked 
|   2|0x0000000702a00000, 0x0000000702b00000, 0x0000000702b00000|100%| O|  |TAMS 0x0000000702b00000, 0x0000000702a00000| Untracked 
|   3|0x0000000702b00000, 0x0000000702c00000, 0x0000000702c00000|100%| O|  |TAMS 0x0000000702c00000, 0x0000000702b00000| Untracked 
|   4|0x0000000702c00000, 0x0000000702d00000, 0x0000000702d00000|100%| O|  |TAMS 0x0000000702d00000, 0x0000000702c00000| Untracked 
|   5|0x0000000702d00000, 0x0000000702e00000, 0x0000000702e00000|100%| O|  |TAMS 0x0000000702e00000, 0x0000000702d00000| Untracked 
|   6|0x0000000702e00000, 0x0000000702f00000, 0x0000000702f00000|100%| O|  |TAMS 0x0000000702e37a00, 0x0000000702e00000| Untracked 
|   7|0x0000000702f00000, 0x0000000703000000, 0x0000000703000000|100%| O|  |TAMS 0x0000000702f00000, 0x0000000702f00000| Untracked 
|   8|0x0000000703000000, 0x0000000703100000, 0x0000000703100000|100%| O|  |TAMS 0x0000000703000000, 0x0000000703000000| Untracked 
|   9|0x0000000703100000, 0x0000000703200000, 0x0000000703200000|100%| O|  |TAMS 0x0000000703100000, 0x0000000703100000| Untracked 
|  10|0x0000000703200000, 0x0000000703300000, 0x0000000703300000|100%| O|  |TAMS 0x0000000703200000, 0x0000000703200000| Untracked 
|  11|0x0000000703300000, 0x0000000703400000, 0x0000000703400000|100%| O|  |TAMS 0x0000000703300000, 0x0000000703300000| Untracked 
|  12|0x0000000703400000, 0x0000000703500000, 0x0000000703500000|100%| O|  |TAMS 0x0000000703400000, 0x0000000703400000| Untracked 
|  13|0x0000000703500000, 0x0000000703600000, 0x0000000703600000|100%| O|  |TAMS 0x0000000703500000, 0x0000000703500000| Untracked 
|  14|0x0000000703600000, 0x0000000703700000, 0x0000000703700000|100%| O|  |TAMS 0x0000000703600000, 0x0000000703600000| Untracked 
|  15|0x0000000703700000, 0x0000000703800000, 0x0000000703800000|100%| O|  |TAMS 0x0000000703700000, 0x0000000703700000| Untracked 
|  16|0x0000000703800000, 0x0000000703900000, 0x0000000703900000|100%| O|  |TAMS 0x0000000703800000, 0x0000000703800000| Untracked 
|  17|0x0000000703900000, 0x0000000703a00000, 0x0000000703a00000|100%| O|  |TAMS 0x0000000703900000, 0x0000000703900000| Untracked 
|  18|0x0000000703a00000, 0x0000000703b00000, 0x0000000703b00000|100%| O|  |TAMS 0x0000000703a00000, 0x0000000703a00000| Untracked 
|  19|0x0000000703b00000, 0x0000000703c00000, 0x0000000703c00000|100%| O|  |TAMS 0x0000000703b00000, 0x0000000703b00000| Untracked 
|  20|0x0000000703c00000, 0x0000000703d00000, 0x0000000703d00000|100%| O|  |TAMS 0x0000000703c00000, 0x0000000703c00000| Untracked 
|  21|0x0000000703d00000, 0x0000000703e00000, 0x0000000703e00000|100%| O|  |TAMS 0x0000000703d00000, 0x0000000703d00000| Untracked 
|  22|0x0000000703e00000, 0x0000000703f00000, 0x0000000703f00000|100%| O|  |TAMS 0x0000000703e00000, 0x0000000703e00000| Untracked 
|  23|0x0000000703f00000, 0x0000000704000000, 0x0000000704000000|100%| O|  |TAMS 0x0000000703f00000, 0x0000000703f00000| Untracked 
|  24|0x0000000704000000, 0x0000000704100000, 0x0000000704100000|100%| O|  |TAMS 0x0000000704000000, 0x0000000704000000| Untracked 
|  25|0x0000000704100000, 0x0000000704200000, 0x0000000704200000|100%| O|  |TAMS 0x0000000704100000, 0x0000000704100000| Untracked 
|  26|0x0000000704200000, 0x0000000704300000, 0x0000000704300000|100%| O|  |TAMS 0x0000000704200000, 0x0000000704200000| Untracked 
|  27|0x0000000704300000, 0x0000000704400000, 0x0000000704400000|100%| O|  |TAMS 0x0000000704300000, 0x0000000704300000| Untracked 
|  28|0x0000000704400000, 0x0000000704500000, 0x0000000704500000|100%| O|  |TAMS 0x0000000704400000, 0x0000000704400000| Untracked 
|  29|0x0000000704500000, 0x0000000704600000, 0x0000000704600000|100%| O|  |TAMS 0x0000000704500000, 0x0000000704500000| Untracked 
|  30|0x0000000704600000, 0x0000000704700000, 0x0000000704700000|100%| O|  |TAMS 0x0000000704600000, 0x0000000704600000| Untracked 
|  31|0x0000000704700000, 0x0000000704800000, 0x0000000704800000|100%| O|  |TAMS 0x0000000704700000, 0x0000000704700000| Untracked 
|  32|0x0000000704800000, 0x0000000704900000, 0x0000000704900000|100%| O|  |TAMS 0x0000000704800000, 0x0000000704800000| Untracked 
|  33|0x0000000704900000, 0x0000000704a00000, 0x0000000704a00000|100%| O|  |TAMS 0x0000000704900000, 0x0000000704900000| Untracked 
|  34|0x0000000704a00000, 0x0000000704b00000, 0x0000000704b00000|100%| O|  |TAMS 0x0000000704a00000, 0x0000000704a00000| Untracked 
|  35|0x0000000704b00000, 0x0000000704c00000, 0x0000000704c00000|100%| O|  |TAMS 0x0000000704b00000, 0x0000000704b00000| Untracked 
|  36|0x0000000704c00000, 0x0000000704c2a200, 0x0000000704d00000| 16%| O|  |TAMS 0x0000000704c00000, 0x0000000704c00000| Untracked 
|  37|0x0000000704d00000, 0x0000000704d00000, 0x0000000704e00000|  0%| F|  |TAMS 0x0000000704d00000, 0x0000000704d00000| Untracked 
|  38|0x0000000704e00000, 0x0000000704e00000, 0x0000000704f00000|  0%| F|  |TAMS 0x0000000704e00000, 0x0000000704e00000| Untracked 
|  39|0x0000000704f00000, 0x0000000704f00000, 0x0000000705000000|  0%| F|  |TAMS 0x0000000704f00000, 0x0000000704f00000| Untracked 
|  40|0x0000000705000000, 0x0000000705000000, 0x0000000705100000|  0%| F|  |TAMS 0x0000000705000000, 0x0000000705000000| Untracked 
|  41|0x0000000705100000, 0x0000000705100000, 0x0000000705200000|  0%| F|  |TAMS 0x0000000705100000, 0x0000000705100000| Untracked 
|  42|0x0000000705200000, 0x0000000705200000, 0x0000000705300000|  0%| F|  |TAMS 0x0000000705200000, 0x0000000705200000| Untracked 
|  43|0x0000000705300000, 0x0000000705300000, 0x0000000705400000|  0%| F|  |TAMS 0x0000000705300000, 0x0000000705300000| Untracked 
|  44|0x0000000705400000, 0x0000000705400000, 0x0000000705500000|  0%| F|  |TAMS 0x0000000705400000, 0x0000000705400000| Untracked 
|  45|0x0000000705500000, 0x0000000705500000, 0x0000000705600000|  0%| F|  |TAMS 0x0000000705500000, 0x0000000705500000| Untracked 
|  46|0x0000000705600000, 0x0000000705600000, 0x0000000705700000|  0%| F|  |TAMS 0x0000000705600000, 0x0000000705600000| Untracked 
|  47|0x0000000705700000, 0x0000000705700000, 0x0000000705800000|  0%| F|  |TAMS 0x0000000705700000, 0x0000000705700000| Untracked 
|  48|0x0000000705800000, 0x0000000705800000, 0x0000000705900000|  0%| F|  |TAMS 0x0000000705800000, 0x0000000705800000| Untracked 
|  49|0x0000000705900000, 0x0000000705900000, 0x0000000705a00000|  0%| F|  |TAMS 0x0000000705900000, 0x0000000705900000| Untracked 
|  50|0x0000000705a00000, 0x0000000705a00000, 0x0000000705b00000|  0%| F|  |TAMS 0x0000000705a00000, 0x0000000705a00000| Untracked 
|  51|0x0000000705b00000, 0x0000000705b00000, 0x0000000705c00000|  0%| F|  |TAMS 0x0000000705b00000, 0x0000000705b00000| Untracked 
|  52|0x0000000705c00000, 0x0000000705c00000, 0x0000000705d00000|  0%| F|  |TAMS 0x0000000705c00000, 0x0000000705c00000| Untracked 
|  53|0x0000000705d00000, 0x0000000705d00000, 0x0000000705e00000|  0%| F|  |TAMS 0x0000000705d00000, 0x0000000705d00000| Untracked 
|  54|0x0000000705e00000, 0x0000000705e00000, 0x0000000705f00000|  0%| F|  |TAMS 0x0000000705e00000, 0x0000000705e00000| Untracked 
|  55|0x0000000705f00000, 0x0000000705f00000, 0x0000000706000000|  0%| F|  |TAMS 0x0000000705f00000, 0x0000000705f00000| Untracked 
|  56|0x0000000706000000, 0x0000000706000000, 0x0000000706100000|  0%| F|  |TAMS 0x0000000706000000, 0x0000000706000000| Untracked 
|  57|0x0000000706100000, 0x0000000706100000, 0x0000000706200000|  0%| F|  |TAMS 0x0000000706100000, 0x0000000706100000| Untracked 
|  58|0x0000000706200000, 0x0000000706200000, 0x0000000706300000|  0%| F|  |TAMS 0x0000000706200000, 0x0000000706200000| Untracked 
|  59|0x0000000706300000, 0x0000000706300000, 0x0000000706400000|  0%| F|  |TAMS 0x0000000706300000, 0x0000000706300000| Untracked 
|  60|0x0000000706400000, 0x0000000706400000, 0x0000000706500000|  0%| F|  |TAMS 0x0000000706400000, 0x0000000706400000| Untracked 
|  61|0x0000000706500000, 0x0000000706500000, 0x0000000706600000|  0%| F|  |TAMS 0x0000000706500000, 0x0000000706500000| Untracked 
|  62|0x0000000706600000, 0x0000000706600000, 0x0000000706700000|  0%| F|  |TAMS 0x0000000706600000, 0x0000000706600000| Untracked 
|  63|0x0000000706700000, 0x0000000706700000, 0x0000000706800000|  0%| F|  |TAMS 0x0000000706700000, 0x0000000706700000| Untracked 
|  64|0x0000000706800000, 0x0000000706800000, 0x0000000706900000|  0%| F|  |TAMS 0x0000000706800000, 0x0000000706800000| Untracked 
|  65|0x0000000706900000, 0x0000000706900000, 0x0000000706a00000|  0%| F|  |TAMS 0x0000000706900000, 0x0000000706900000| Untracked 
|  66|0x0000000706a00000, 0x0000000706a00000, 0x0000000706b00000|  0%| F|  |TAMS 0x0000000706a00000, 0x0000000706a00000| Untracked 
|  67|0x0000000706b00000, 0x0000000706b00000, 0x0000000706c00000|  0%| F|  |TAMS 0x0000000706b00000, 0x0000000706b00000| Untracked 
|  68|0x0000000706c00000, 0x0000000706c00000, 0x0000000706d00000|  0%| F|  |TAMS 0x0000000706c00000, 0x0000000706c00000| Untracked 
|  69|0x0000000706d00000, 0x0000000706d00000, 0x0000000706e00000|  0%| F|  |TAMS 0x0000000706d00000, 0x0000000706d00000| Untracked 
|  70|0x0000000706e00000, 0x0000000706e00000, 0x0000000706f00000|  0%| F|  |TAMS 0x0000000706e00000, 0x0000000706e00000| Untracked 
|  71|0x0000000706f00000, 0x0000000706f00000, 0x0000000707000000|  0%| F|  |TAMS 0x0000000706f00000, 0x0000000706f00000| Untracked 
|  72|0x0000000707000000, 0x0000000707000000, 0x0000000707100000|  0%| F|  |TAMS 0x0000000707000000, 0x0000000707000000| Untracked 
|  73|0x0000000707100000, 0x0000000707100000, 0x0000000707200000|  0%| F|  |TAMS 0x0000000707100000, 0x0000000707100000| Untracked 
|  74|0x0000000707200000, 0x0000000707200000, 0x0000000707300000|  0%| F|  |TAMS 0x0000000707200000, 0x0000000707200000| Untracked 
|  75|0x0000000707300000, 0x0000000707300000, 0x0000000707400000|  0%| F|  |TAMS 0x0000000707300000, 0x0000000707300000| Untracked 
|  76|0x0000000707400000, 0x0000000707400000, 0x0000000707500000|  0%| F|  |TAMS 0x0000000707400000, 0x0000000707400000| Untracked 
|  77|0x0000000707500000, 0x0000000707500000, 0x0000000707600000|  0%| F|  |TAMS 0x0000000707500000, 0x0000000707500000| Untracked 
|  78|0x0000000707600000, 0x0000000707600000, 0x0000000707700000|  0%| F|  |TAMS 0x0000000707600000, 0x0000000707600000| Untracked 
|  79|0x0000000707700000, 0x0000000707700000, 0x0000000707800000|  0%| F|  |TAMS 0x0000000707700000, 0x0000000707700000| Untracked 
|  80|0x0000000707800000, 0x0000000707800000, 0x0000000707900000|  0%| F|  |TAMS 0x0000000707800000, 0x0000000707800000| Untracked 
|  81|0x0000000707900000, 0x0000000707900000, 0x0000000707a00000|  0%| F|  |TAMS 0x0000000707900000, 0x0000000707900000| Untracked 
|  82|0x0000000707a00000, 0x0000000707a00000, 0x0000000707b00000|  0%| F|  |TAMS 0x0000000707a00000, 0x0000000707a00000| Untracked 
|  83|0x0000000707b00000, 0x0000000707b00000, 0x0000000707c00000|  0%| F|  |TAMS 0x0000000707b00000, 0x0000000707b00000| Untracked 
|  84|0x0000000707c00000, 0x0000000707c00000, 0x0000000707d00000|  0%| F|  |TAMS 0x0000000707c00000, 0x0000000707c00000| Untracked 
|  85|0x0000000707d00000, 0x0000000707d00000, 0x0000000707e00000|  0%| F|  |TAMS 0x0000000707d00000, 0x0000000707d00000| Untracked 
|  86|0x0000000707e00000, 0x0000000707e00000, 0x0000000707f00000|  0%| F|  |TAMS 0x0000000707e00000, 0x0000000707e00000| Untracked 
|  87|0x0000000707f00000, 0x0000000707f00000, 0x0000000708000000|  0%| F|  |TAMS 0x0000000707f00000, 0x0000000707f00000| Untracked 
|  88|0x0000000708000000, 0x0000000708000000, 0x0000000708100000|  0%| F|  |TAMS 0x0000000708000000, 0x0000000708000000| Untracked 
|  89|0x0000000708100000, 0x0000000708100000, 0x0000000708200000|  0%| F|  |TAMS 0x0000000708100000, 0x0000000708100000| Untracked 
|  90|0x0000000708200000, 0x0000000708200000, 0x0000000708300000|  0%| F|  |TAMS 0x0000000708200000, 0x0000000708200000| Untracked 
|  91|0x0000000708300000, 0x0000000708300000, 0x0000000708400000|  0%| F|  |TAMS 0x0000000708300000, 0x0000000708300000| Untracked 
|  92|0x0000000708400000, 0x0000000708400000, 0x0000000708500000|  0%| F|  |TAMS 0x0000000708400000, 0x0000000708400000| Untracked 
|  93|0x0000000708500000, 0x0000000708500000, 0x0000000708600000|  0%| F|  |TAMS 0x0000000708500000, 0x0000000708500000| Untracked 
|  94|0x0000000708600000, 0x0000000708600000, 0x0000000708700000|  0%| F|  |TAMS 0x0000000708600000, 0x0000000708600000| Untracked 
|  95|0x0000000708700000, 0x0000000708700000, 0x0000000708800000|  0%| F|  |TAMS 0x0000000708700000, 0x0000000708700000| Untracked 
|  96|0x0000000708800000, 0x0000000708800000, 0x0000000708900000|  0%| F|  |TAMS 0x0000000708800000, 0x0000000708800000| Untracked 
|  97|0x0000000708900000, 0x0000000708900000, 0x0000000708a00000|  0%| F|  |TAMS 0x0000000708900000, 0x0000000708900000| Untracked 
|  98|0x0000000708a00000, 0x0000000708a00000, 0x0000000708b00000|  0%| F|  |TAMS 0x0000000708a00000, 0x0000000708a00000| Untracked 
|  99|0x0000000708b00000, 0x0000000708b00000, 0x0000000708c00000|  0%| F|  |TAMS 0x0000000708b00000, 0x0000000708b00000| Untracked 
| 100|0x0000000708c00000, 0x0000000708c00000, 0x0000000708d00000|  0%| F|  |TAMS 0x0000000708c00000, 0x0000000708c00000| Untracked 
| 101|0x0000000708d00000, 0x0000000708d00000, 0x0000000708e00000|  0%| F|  |TAMS 0x0000000708d00000, 0x0000000708d00000| Untracked 
| 102|0x0000000708e00000, 0x0000000708e00000, 0x0000000708f00000|  0%| F|  |TAMS 0x0000000708e00000, 0x0000000708e00000| Untracked 
| 103|0x0000000708f00000, 0x0000000708f00000, 0x0000000709000000|  0%| F|  |TAMS 0x0000000708f00000, 0x0000000708f00000| Untracked 
| 104|0x0000000709000000, 0x0000000709000000, 0x0000000709100000|  0%| F|  |TAMS 0x0000000709000000, 0x0000000709000000| Untracked 
| 105|0x0000000709100000, 0x0000000709100000, 0x0000000709200000|  0%| F|  |TAMS 0x0000000709100000, 0x0000000709100000| Untracked 
| 106|0x0000000709200000, 0x0000000709200000, 0x0000000709300000|  0%| F|  |TAMS 0x0000000709200000, 0x0000000709200000| Untracked 
| 107|0x0000000709300000, 0x0000000709300000, 0x0000000709400000|  0%| F|  |TAMS 0x0000000709300000, 0x0000000709300000| Untracked 
| 108|0x0000000709400000, 0x0000000709400000, 0x0000000709500000|  0%| F|  |TAMS 0x0000000709400000, 0x0000000709400000| Untracked 
| 109|0x0000000709500000, 0x0000000709500000, 0x0000000709600000|  0%| F|  |TAMS 0x0000000709500000, 0x0000000709500000| Untracked 
| 110|0x0000000709600000, 0x0000000709600000, 0x0000000709700000|  0%| F|  |TAMS 0x0000000709600000, 0x0000000709600000| Untracked 
| 111|0x0000000709700000, 0x0000000709700000, 0x0000000709800000|  0%| F|  |TAMS 0x0000000709700000, 0x0000000709700000| Untracked 
| 112|0x0000000709800000, 0x0000000709800000, 0x0000000709900000|  0%| F|  |TAMS 0x0000000709800000, 0x0000000709800000| Untracked 
| 113|0x0000000709900000, 0x0000000709900000, 0x0000000709a00000|  0%| F|  |TAMS 0x0000000709900000, 0x0000000709900000| Untracked 
| 114|0x0000000709a00000, 0x0000000709a00000, 0x0000000709b00000|  0%| F|  |TAMS 0x0000000709a00000, 0x0000000709a00000| Untracked 
| 115|0x0000000709b00000, 0x0000000709b00000, 0x0000000709c00000|  0%| F|  |TAMS 0x0000000709b00000, 0x0000000709b00000| Untracked 
| 116|0x0000000709c00000, 0x0000000709c00000, 0x0000000709d00000|  0%| F|  |TAMS 0x0000000709c00000, 0x0000000709c00000| Untracked 
| 117|0x0000000709d00000, 0x0000000709d00000, 0x0000000709e00000|  0%| F|  |TAMS 0x0000000709d00000, 0x0000000709d00000| Untracked 
| 118|0x0000000709e00000, 0x0000000709e00000, 0x0000000709f00000|  0%| F|  |TAMS 0x0000000709e00000, 0x0000000709e00000| Untracked 
| 119|0x0000000709f00000, 0x0000000709f00000, 0x000000070a000000|  0%| F|  |TAMS 0x0000000709f00000, 0x0000000709f00000| Untracked 
| 120|0x000000070a000000, 0x000000070a000000, 0x000000070a100000|  0%| F|  |TAMS 0x000000070a000000, 0x000000070a000000| Untracked 
| 121|0x000000070a100000, 0x000000070a100000, 0x000000070a200000|  0%| F|  |TAMS 0x000000070a100000, 0x000000070a100000| Untracked 
| 122|0x000000070a200000, 0x000000070a202040, 0x000000070a300000|  0%| S|CS|TAMS 0x000000070a200000, 0x000000070a200000| Complete 
| 123|0x000000070a300000, 0x000000070a300000, 0x000000070a400000|  0%| F|  |TAMS 0x000000070a300000, 0x000000070a300000| Untracked 
| 124|0x000000070a400000, 0x000000070a400000, 0x000000070a500000|  0%| F|  |TAMS 0x000000070a400000, 0x000000070a400000| Untracked 
| 125|0x000000070a500000, 0x000000070a500000, 0x000000070a600000|  0%| F|  |TAMS 0x000000070a500000, 0x000000070a500000| Untracked 
| 126|0x000000070a600000, 0x000000070a600000, 0x000000070a700000|  0%| F|  |TAMS 0x000000070a600000, 0x000000070a600000| Untracked 
| 127|0x000000070a700000, 0x000000070a700000, 0x000000070a800000|  0%| F|  |TAMS 0x000000070a700000, 0x000000070a700000| Untracked 
| 128|0x000000070a800000, 0x000000070a800000, 0x000000070a900000|  0%| F|  |TAMS 0x000000070a800000, 0x000000070a800000| Untracked 
| 129|0x000000070a900000, 0x000000070a900000, 0x000000070aa00000|  0%| F|  |TAMS 0x000000070a900000, 0x000000070a900000| Untracked 
| 130|0x000000070aa00000, 0x000000070aa00000, 0x000000070ab00000|  0%| F|  |TAMS 0x000000070aa00000, 0x000000070aa00000| Untracked 
| 131|0x000000070ab00000, 0x000000070ab00000, 0x000000070ac00000|  0%| F|  |TAMS 0x000000070ab00000, 0x000000070ab00000| Untracked 
| 132|0x000000070ac00000, 0x000000070ac00000, 0x000000070ad00000|  0%| F|  |TAMS 0x000000070ac00000, 0x000000070ac00000| Untracked 
| 133|0x000000070ad00000, 0x000000070ad00000, 0x000000070ae00000|  0%| F|  |TAMS 0x000000070ad00000, 0x000000070ad00000| Untracked 
| 134|0x000000070ae00000, 0x000000070ae00000, 0x000000070af00000|  0%| F|  |TAMS 0x000000070ae00000, 0x000000070ae00000| Untracked 
| 135|0x000000070af00000, 0x000000070af00000, 0x000000070b000000|  0%| F|  |TAMS 0x000000070af00000, 0x000000070af00000| Untracked 
| 136|0x000000070b000000, 0x000000070b000000, 0x000000070b100000|  0%| F|  |TAMS 0x000000070b000000, 0x000000070b000000| Untracked 
| 137|0x000000070b100000, 0x000000070b100000, 0x000000070b200000|  0%| F|  |TAMS 0x000000070b100000, 0x000000070b100000| Untracked 
| 138|0x000000070b200000, 0x000000070b200000, 0x000000070b300000|  0%| F|  |TAMS 0x000000070b200000, 0x000000070b200000| Untracked 
| 139|0x000000070b300000, 0x000000070b300000, 0x000000070b400000|  0%| F|  |TAMS 0x000000070b300000, 0x000000070b300000| Untracked 
| 140|0x000000070b400000, 0x000000070b400000, 0x000000070b500000|  0%| F|  |TAMS 0x000000070b400000, 0x000000070b400000| Untracked 
| 141|0x000000070b500000, 0x000000070b500000, 0x000000070b600000|  0%| F|  |TAMS 0x000000070b500000, 0x000000070b500000| Untracked 
| 142|0x000000070b600000, 0x000000070b600000, 0x000000070b700000|  0%| F|  |TAMS 0x000000070b600000, 0x000000070b600000| Untracked 
| 143|0x000000070b700000, 0x000000070b700000, 0x000000070b800000|  0%| F|  |TAMS 0x000000070b700000, 0x000000070b700000| Untracked 
| 144|0x000000070b800000, 0x000000070b800000, 0x000000070b900000|  0%| F|  |TAMS 0x000000070b800000, 0x000000070b800000| Untracked 
| 145|0x000000070b900000, 0x000000070b900000, 0x000000070ba00000|  0%| F|  |TAMS 0x000000070b900000, 0x000000070b900000| Untracked 
| 146|0x000000070ba00000, 0x000000070ba00000, 0x000000070bb00000|  0%| F|  |TAMS 0x000000070ba00000, 0x000000070ba00000| Untracked 
| 147|0x000000070bb00000, 0x000000070bb00000, 0x000000070bc00000|  0%| F|  |TAMS 0x000000070bb00000, 0x000000070bb00000| Untracked 
| 148|0x000000070bc00000, 0x000000070bc00000, 0x000000070bd00000|  0%| F|  |TAMS 0x000000070bc00000, 0x000000070bc00000| Untracked 
| 149|0x000000070bd00000, 0x000000070bd00000, 0x000000070be00000|  0%| F|  |TAMS 0x000000070bd00000, 0x000000070bd00000| Untracked 
| 150|0x000000070be00000, 0x000000070be00000, 0x000000070bf00000|  0%| F|  |TAMS 0x000000070be00000, 0x000000070be00000| Untracked 
| 151|0x000000070bf00000, 0x000000070bf00000, 0x000000070c000000|  0%| F|  |TAMS 0x000000070bf00000, 0x000000070bf00000| Untracked 
| 152|0x000000070c000000, 0x000000070c000000, 0x000000070c100000|  0%| F|  |TAMS 0x000000070c000000, 0x000000070c000000| Untracked 
| 153|0x000000070c100000, 0x000000070c100000, 0x000000070c200000|  0%| F|  |TAMS 0x000000070c100000, 0x000000070c100000| Untracked 
| 154|0x000000070c200000, 0x000000070c200000, 0x000000070c300000|  0%| F|  |TAMS 0x000000070c200000, 0x000000070c200000| Untracked 
| 155|0x000000070c300000, 0x000000070c300000, 0x000000070c400000|  0%| F|  |TAMS 0x000000070c300000, 0x000000070c300000| Untracked 
| 156|0x000000070c400000, 0x000000070c400000, 0x000000070c500000|  0%| F|  |TAMS 0x000000070c400000, 0x000000070c400000| Untracked 
| 157|0x000000070c500000, 0x000000070c500000, 0x000000070c600000|  0%| F|  |TAMS 0x000000070c500000, 0x000000070c500000| Untracked 
| 158|0x000000070c600000, 0x000000070c600000, 0x000000070c700000|  0%| F|  |TAMS 0x000000070c600000, 0x000000070c600000| Untracked 
| 159|0x000000070c700000, 0x000000070c700000, 0x000000070c800000|  0%| F|  |TAMS 0x000000070c700000, 0x000000070c700000| Untracked 
| 160|0x000000070c800000, 0x000000070c800000, 0x000000070c900000|  0%| F|  |TAMS 0x000000070c800000, 0x000000070c800000| Untracked 
| 161|0x000000070c900000, 0x000000070c900000, 0x000000070ca00000|  0%| F|  |TAMS 0x000000070c900000, 0x000000070c900000| Untracked 
| 162|0x000000070ca00000, 0x000000070ca00000, 0x000000070cb00000|  0%| F|  |TAMS 0x000000070ca00000, 0x000000070ca00000| Untracked 
| 163|0x000000070cb00000, 0x000000070cb00000, 0x000000070cc00000|  0%| F|  |TAMS 0x000000070cb00000, 0x000000070cb00000| Untracked 
| 164|0x000000070cc00000, 0x000000070cc00000, 0x000000070cd00000|  0%| F|  |TAMS 0x000000070cc00000, 0x000000070cc00000| Untracked 
| 165|0x000000070cd00000, 0x000000070cd00000, 0x000000070ce00000|  0%| F|  |TAMS 0x000000070cd00000, 0x000000070cd00000| Untracked 
| 166|0x000000070ce00000, 0x000000070ce00000, 0x000000070cf00000|  0%| F|  |TAMS 0x000000070ce00000, 0x000000070ce00000| Untracked 
| 167|0x000000070cf00000, 0x000000070cf00000, 0x000000070d000000|  0%| F|  |TAMS 0x000000070cf00000, 0x000000070cf00000| Untracked 
| 168|0x000000070d000000, 0x000000070d000000, 0x000000070d100000|  0%| F|  |TAMS 0x000000070d000000, 0x000000070d000000| Untracked 
| 169|0x000000070d100000, 0x000000070d100000, 0x000000070d200000|  0%| F|  |TAMS 0x000000070d100000, 0x000000070d100000| Untracked 
| 170|0x000000070d200000, 0x000000070d200000, 0x000000070d300000|  0%| F|  |TAMS 0x000000070d200000, 0x000000070d200000| Untracked 
| 171|0x000000070d300000, 0x000000070d300000, 0x000000070d400000|  0%| F|  |TAMS 0x000000070d300000, 0x000000070d300000| Untracked 
| 172|0x000000070d400000, 0x000000070d400000, 0x000000070d500000|  0%| F|  |TAMS 0x000000070d400000, 0x000000070d400000| Untracked 
| 173|0x000000070d500000, 0x000000070d500000, 0x000000070d600000|  0%| F|  |TAMS 0x000000070d500000, 0x000000070d500000| Untracked 
| 174|0x000000070d600000, 0x000000070d600000, 0x000000070d700000|  0%| F|  |TAMS 0x000000070d600000, 0x000000070d600000| Untracked 
| 175|0x000000070d700000, 0x000000070d700000, 0x000000070d800000|  0%| F|  |TAMS 0x000000070d700000, 0x000000070d700000| Untracked 
| 176|0x000000070d800000, 0x000000070d800000, 0x000000070d900000|  0%| F|  |TAMS 0x000000070d800000, 0x000000070d800000| Untracked 
| 177|0x000000070d900000, 0x000000070d900000, 0x000000070da00000|  0%| F|  |TAMS 0x000000070d900000, 0x000000070d900000| Untracked 
| 178|0x000000070da00000, 0x000000070da00000, 0x000000070db00000|  0%| F|  |TAMS 0x000000070da00000, 0x000000070da00000| Untracked 
| 179|0x000000070db00000, 0x000000070db00000, 0x000000070dc00000|  0%| F|  |TAMS 0x000000070db00000, 0x000000070db00000| Untracked 
| 180|0x000000070dc00000, 0x000000070dc00000, 0x000000070dd00000|  0%| F|  |TAMS 0x000000070dc00000, 0x000000070dc00000| Untracked 
| 181|0x000000070dd00000, 0x000000070dd00000, 0x000000070de00000|  0%| F|  |TAMS 0x000000070dd00000, 0x000000070dd00000| Untracked 
| 182|0x000000070de00000, 0x000000070de00000, 0x000000070df00000|  0%| F|  |TAMS 0x000000070de00000, 0x000000070de00000| Untracked 
| 183|0x000000070df00000, 0x000000070df00000, 0x000000070e000000|  0%| F|  |TAMS 0x000000070df00000, 0x000000070df00000| Untracked 
| 184|0x000000070e000000, 0x000000070e000000, 0x000000070e100000|  0%| F|  |TAMS 0x000000070e000000, 0x000000070e000000| Untracked 
| 185|0x000000070e100000, 0x000000070e100000, 0x000000070e200000|  0%| F|  |TAMS 0x000000070e100000, 0x000000070e100000| Untracked 
| 186|0x000000070e200000, 0x000000070e200000, 0x000000070e300000|  0%| F|  |TAMS 0x000000070e200000, 0x000000070e200000| Untracked 
| 187|0x000000070e300000, 0x000000070e300000, 0x000000070e400000|  0%| F|  |TAMS 0x000000070e300000, 0x000000070e300000| Untracked 
| 188|0x000000070e400000, 0x000000070e400000, 0x000000070e500000|  0%| F|  |TAMS 0x000000070e400000, 0x000000070e400000| Untracked 
| 189|0x000000070e500000, 0x000000070e500000, 0x000000070e600000|  0%| F|  |TAMS 0x000000070e500000, 0x000000070e500000| Untracked 
| 190|0x000000070e600000, 0x000000070e600000, 0x000000070e700000|  0%| F|  |TAMS 0x000000070e600000, 0x000000070e600000| Untracked 
| 191|0x000000070e700000, 0x000000070e700000, 0x000000070e800000|  0%| F|  |TAMS 0x000000070e700000, 0x000000070e700000| Untracked 
| 192|0x000000070e800000, 0x000000070e800000, 0x000000070e900000|  0%| F|  |TAMS 0x000000070e800000, 0x000000070e800000| Untracked 
| 193|0x000000070e900000, 0x000000070e900000, 0x000000070ea00000|  0%| F|  |TAMS 0x000000070e900000, 0x000000070e900000| Untracked 
| 194|0x000000070ea00000, 0x000000070ea00000, 0x000000070eb00000|  0%| F|  |TAMS 0x000000070ea00000, 0x000000070ea00000| Untracked 
| 195|0x000000070eb00000, 0x000000070eb00000, 0x000000070ec00000|  0%| F|  |TAMS 0x000000070eb00000, 0x000000070eb00000| Untracked 
| 196|0x000000070ec00000, 0x000000070ec00000, 0x000000070ed00000|  0%| F|  |TAMS 0x000000070ec00000, 0x000000070ec00000| Untracked 
| 197|0x000000070ed00000, 0x000000070ed00000, 0x000000070ee00000|  0%| F|  |TAMS 0x000000070ed00000, 0x000000070ed00000| Untracked 
| 198|0x000000070ee00000, 0x000000070ee00000, 0x000000070ef00000|  0%| F|  |TAMS 0x000000070ee00000, 0x000000070ee00000| Untracked 
| 199|0x000000070ef00000, 0x000000070ef00000, 0x000000070f000000|  0%| F|  |TAMS 0x000000070ef00000, 0x000000070ef00000| Untracked 
| 200|0x000000070f000000, 0x000000070f000000, 0x000000070f100000|  0%| F|  |TAMS 0x000000070f000000, 0x000000070f000000| Untracked 
| 201|0x000000070f100000, 0x000000070f100000, 0x000000070f200000|  0%| F|  |TAMS 0x000000070f100000, 0x000000070f100000| Untracked 
| 202|0x000000070f200000, 0x000000070f200000, 0x000000070f300000|  0%| F|  |TAMS 0x000000070f200000, 0x000000070f200000| Untracked 
| 203|0x000000070f300000, 0x000000070f300000, 0x000000070f400000|  0%| F|  |TAMS 0x000000070f300000, 0x000000070f300000| Untracked 
| 204|0x000000070f400000, 0x000000070f400000, 0x000000070f500000|  0%| F|  |TAMS 0x000000070f400000, 0x000000070f400000| Untracked 
| 205|0x000000070f500000, 0x000000070f500000, 0x000000070f600000|  0%| F|  |TAMS 0x000000070f500000, 0x000000070f500000| Untracked 
| 206|0x000000070f600000, 0x000000070f600000, 0x000000070f700000|  0%| F|  |TAMS 0x000000070f600000, 0x000000070f600000| Untracked 
| 207|0x000000070f700000, 0x000000070f700000, 0x000000070f800000|  0%| F|  |TAMS 0x000000070f700000, 0x000000070f700000| Untracked 
| 208|0x000000070f800000, 0x000000070f800000, 0x000000070f900000|  0%| F|  |TAMS 0x000000070f800000, 0x000000070f800000| Untracked 
| 209|0x000000070f900000, 0x000000070f900000, 0x000000070fa00000|  0%| F|  |TAMS 0x000000070f900000, 0x000000070f900000| Untracked 
| 210|0x000000070fa00000, 0x000000070fa00000, 0x000000070fb00000|  0%| F|  |TAMS 0x000000070fa00000, 0x000000070fa00000| Untracked 
| 211|0x000000070fb00000, 0x000000070fb00000, 0x000000070fc00000|  0%| F|  |TAMS 0x000000070fb00000, 0x000000070fb00000| Untracked 
| 212|0x000000070fc00000, 0x000000070fc00000, 0x000000070fd00000|  0%| F|  |TAMS 0x000000070fc00000, 0x000000070fc00000| Untracked 
| 213|0x000000070fd00000, 0x000000070fd00000, 0x000000070fe00000|  0%| F|  |TAMS 0x000000070fd00000, 0x000000070fd00000| Untracked 
| 214|0x000000070fe00000, 0x000000070fe00000, 0x000000070ff00000|  0%| F|  |TAMS 0x000000070fe00000, 0x000000070fe00000| Untracked 
| 215|0x000000070ff00000, 0x000000070ff00000, 0x0000000710000000|  0%| F|  |TAMS 0x000000070ff00000, 0x000000070ff00000| Untracked 
| 216|0x0000000710000000, 0x0000000710000000, 0x0000000710100000|  0%| F|  |TAMS 0x0000000710000000, 0x0000000710000000| Untracked 
| 217|0x0000000710100000, 0x0000000710100000, 0x0000000710200000|  0%| F|  |TAMS 0x0000000710100000, 0x0000000710100000| Untracked 
| 218|0x0000000710200000, 0x0000000710200000, 0x0000000710300000|  0%| F|  |TAMS 0x0000000710200000, 0x0000000710200000| Untracked 
| 219|0x0000000710300000, 0x0000000710300000, 0x0000000710400000|  0%| F|  |TAMS 0x0000000710300000, 0x0000000710300000| Untracked 
| 220|0x0000000710400000, 0x0000000710400000, 0x0000000710500000|  0%| F|  |TAMS 0x0000000710400000, 0x0000000710400000| Untracked 
| 221|0x0000000710500000, 0x0000000710500000, 0x0000000710600000|  0%| F|  |TAMS 0x0000000710500000, 0x0000000710500000| Untracked 
| 222|0x0000000710600000, 0x0000000710600000, 0x0000000710700000|  0%| F|  |TAMS 0x0000000710600000, 0x0000000710600000| Untracked 
| 223|0x0000000710700000, 0x0000000710700000, 0x0000000710800000|  0%| F|  |TAMS 0x0000000710700000, 0x0000000710700000| Untracked 
| 224|0x0000000710800000, 0x0000000710800000, 0x0000000710900000|  0%| F|  |TAMS 0x0000000710800000, 0x0000000710800000| Untracked 
| 225|0x0000000710900000, 0x0000000710900000, 0x0000000710a00000|  0%| F|  |TAMS 0x0000000710900000, 0x0000000710900000| Untracked 
| 226|0x0000000710a00000, 0x0000000710a00000, 0x0000000710b00000|  0%| F|  |TAMS 0x0000000710a00000, 0x0000000710a00000| Untracked 
| 227|0x0000000710b00000, 0x0000000710b00000, 0x0000000710c00000|  0%| F|  |TAMS 0x0000000710b00000, 0x0000000710b00000| Untracked 
| 228|0x0000000710c00000, 0x0000000710c00000, 0x0000000710d00000|  0%| F|  |TAMS 0x0000000710c00000, 0x0000000710c00000| Untracked 
| 229|0x0000000710d00000, 0x0000000710d00000, 0x0000000710e00000|  0%| F|  |TAMS 0x0000000710d00000, 0x0000000710d00000| Untracked 
| 230|0x0000000710e00000, 0x0000000710e00000, 0x0000000710f00000|  0%| F|  |TAMS 0x0000000710e00000, 0x0000000710e00000| Untracked 
| 231|0x0000000710f00000, 0x0000000710f00000, 0x0000000711000000|  0%| F|  |TAMS 0x0000000710f00000, 0x0000000710f00000| Untracked 
| 232|0x0000000711000000, 0x0000000711000000, 0x0000000711100000|  0%| F|  |TAMS 0x0000000711000000, 0x0000000711000000| Untracked 
| 233|0x0000000711100000, 0x0000000711100000, 0x0000000711200000|  0%| F|  |TAMS 0x0000000711100000, 0x0000000711100000| Untracked 
| 234|0x0000000711200000, 0x0000000711200000, 0x0000000711300000|  0%| F|  |TAMS 0x0000000711200000, 0x0000000711200000| Untracked 
| 235|0x0000000711300000, 0x0000000711300000, 0x0000000711400000|  0%| F|  |TAMS 0x0000000711300000, 0x0000000711300000| Untracked 
| 236|0x0000000711400000, 0x0000000711400000, 0x0000000711500000|  0%| F|  |TAMS 0x0000000711400000, 0x0000000711400000| Untracked 
| 237|0x0000000711500000, 0x0000000711500000, 0x0000000711600000|  0%| F|  |TAMS 0x0000000711500000, 0x0000000711500000| Untracked 
| 238|0x0000000711600000, 0x0000000711600000, 0x0000000711700000|  0%| F|  |TAMS 0x0000000711600000, 0x0000000711600000| Untracked 
| 239|0x0000000711700000, 0x0000000711700000, 0x0000000711800000|  0%| F|  |TAMS 0x0000000711700000, 0x0000000711700000| Untracked 
| 240|0x0000000711800000, 0x0000000711800000, 0x0000000711900000|  0%| F|  |TAMS 0x0000000711800000, 0x0000000711800000| Untracked 
| 241|0x0000000711900000, 0x0000000711900000, 0x0000000711a00000|  0%| F|  |TAMS 0x0000000711900000, 0x0000000711900000| Untracked 
| 242|0x0000000711a00000, 0x0000000711a00000, 0x0000000711b00000|  0%| F|  |TAMS 0x0000000711a00000, 0x0000000711a00000| Untracked 
| 243|0x0000000711b00000, 0x0000000711b00000, 0x0000000711c00000|  0%| F|  |TAMS 0x0000000711b00000, 0x0000000711b00000| Untracked 
| 244|0x0000000711c00000, 0x0000000711c00000, 0x0000000711d00000|  0%| F|  |TAMS 0x0000000711c00000, 0x0000000711c00000| Untracked 
| 245|0x0000000711d00000, 0x0000000711d00000, 0x0000000711e00000|  0%| F|  |TAMS 0x0000000711d00000, 0x0000000711d00000| Untracked 
| 246|0x0000000711e00000, 0x0000000711e00000, 0x0000000711f00000|  0%| F|  |TAMS 0x0000000711e00000, 0x0000000711e00000| Untracked 
| 247|0x0000000711f00000, 0x0000000711f00000, 0x0000000712000000|  0%| F|  |TAMS 0x0000000711f00000, 0x0000000711f00000| Untracked 
| 248|0x0000000712000000, 0x0000000712000000, 0x0000000712100000|  0%| F|  |TAMS 0x0000000712000000, 0x0000000712000000| Untracked 
| 249|0x0000000712100000, 0x0000000712100000, 0x0000000712200000|  0%| F|  |TAMS 0x0000000712100000, 0x0000000712100000| Untracked 
| 250|0x0000000712200000, 0x0000000712200000, 0x0000000712300000|  0%| F|  |TAMS 0x0000000712200000, 0x0000000712200000| Untracked 
| 251|0x0000000712300000, 0x0000000712300000, 0x0000000712400000|  0%| F|  |TAMS 0x0000000712300000, 0x0000000712300000| Untracked 
| 252|0x0000000712400000, 0x0000000712400000, 0x0000000712500000|  0%| F|  |TAMS 0x0000000712400000, 0x0000000712400000| Untracked 
| 253|0x0000000712500000, 0x0000000712500000, 0x0000000712600000|  0%| F|  |TAMS 0x0000000712500000, 0x0000000712500000| Untracked 
| 254|0x0000000712600000, 0x0000000712600000, 0x0000000712700000|  0%| F|  |TAMS 0x0000000712600000, 0x0000000712600000| Untracked 
| 255|0x0000000712700000, 0x0000000712700000, 0x0000000712800000|  0%| F|  |TAMS 0x0000000712700000, 0x0000000712700000| Untracked 
| 256|0x0000000712800000, 0x0000000712800000, 0x0000000712900000|  0%| F|  |TAMS 0x0000000712800000, 0x0000000712800000| Untracked 
| 257|0x0000000712900000, 0x0000000712900000, 0x0000000712a00000|  0%| F|  |TAMS 0x0000000712900000, 0x0000000712900000| Untracked 
| 258|0x0000000712a00000, 0x0000000712a00000, 0x0000000712b00000|  0%| F|  |TAMS 0x0000000712a00000, 0x0000000712a00000| Untracked 
| 259|0x0000000712b00000, 0x0000000712b00000, 0x0000000712c00000|  0%| F|  |TAMS 0x0000000712b00000, 0x0000000712b00000| Untracked 
| 260|0x0000000712c00000, 0x0000000712c00000, 0x0000000712d00000|  0%| F|  |TAMS 0x0000000712c00000, 0x0000000712c00000| Untracked 
| 261|0x0000000712d00000, 0x0000000712d00000, 0x0000000712e00000|  0%| F|  |TAMS 0x0000000712d00000, 0x0000000712d00000| Untracked 
| 262|0x0000000712e00000, 0x0000000712e00000, 0x0000000712f00000|  0%| F|  |TAMS 0x0000000712e00000, 0x0000000712e00000| Untracked 
| 263|0x0000000712f00000, 0x0000000712f00000, 0x0000000713000000|  0%| F|  |TAMS 0x0000000712f00000, 0x0000000712f00000| Untracked 
| 264|0x0000000713000000, 0x0000000713000000, 0x0000000713100000|  0%| F|  |TAMS 0x0000000713000000, 0x0000000713000000| Untracked 
| 265|0x0000000713100000, 0x0000000713100000, 0x0000000713200000|  0%| F|  |TAMS 0x0000000713100000, 0x0000000713100000| Untracked 
| 266|0x0000000713200000, 0x0000000713200000, 0x0000000713300000|  0%| F|  |TAMS 0x0000000713200000, 0x0000000713200000| Untracked 
| 267|0x0000000713300000, 0x0000000713300000, 0x0000000713400000|  0%| F|  |TAMS 0x0000000713300000, 0x0000000713300000| Untracked 
| 268|0x0000000713400000, 0x0000000713400000, 0x0000000713500000|  0%| F|  |TAMS 0x0000000713400000, 0x0000000713400000| Untracked 
| 269|0x0000000713500000, 0x0000000713500000, 0x0000000713600000|  0%| F|  |TAMS 0x0000000713500000, 0x0000000713500000| Untracked 
| 270|0x0000000713600000, 0x0000000713600000, 0x0000000713700000|  0%| F|  |TAMS 0x0000000713600000, 0x0000000713600000| Untracked 
| 271|0x0000000713700000, 0x0000000713700000, 0x0000000713800000|  0%| F|  |TAMS 0x0000000713700000, 0x0000000713700000| Untracked 
| 272|0x0000000713800000, 0x0000000713800000, 0x0000000713900000|  0%| F|  |TAMS 0x0000000713800000, 0x0000000713800000| Untracked 
| 273|0x0000000713900000, 0x0000000713900000, 0x0000000713a00000|  0%| F|  |TAMS 0x0000000713900000, 0x0000000713900000| Untracked 
| 274|0x0000000713a00000, 0x0000000713a00000, 0x0000000713b00000|  0%| F|  |TAMS 0x0000000713a00000, 0x0000000713a00000| Untracked 
| 275|0x0000000713b00000, 0x0000000713b00000, 0x0000000713c00000|  0%| F|  |TAMS 0x0000000713b00000, 0x0000000713b00000| Untracked 
| 276|0x0000000713c00000, 0x0000000713c00000, 0x0000000713d00000|  0%| F|  |TAMS 0x0000000713c00000, 0x0000000713c00000| Untracked 
| 277|0x0000000713d00000, 0x0000000713d00000, 0x0000000713e00000|  0%| F|  |TAMS 0x0000000713d00000, 0x0000000713d00000| Untracked 
| 278|0x0000000713e00000, 0x0000000713e00000, 0x0000000713f00000|  0%| F|  |TAMS 0x0000000713e00000, 0x0000000713e00000| Untracked 
| 279|0x0000000713f00000, 0x0000000713f00000, 0x0000000714000000|  0%| F|  |TAMS 0x0000000713f00000, 0x0000000713f00000| Untracked 
| 280|0x0000000714000000, 0x0000000714000000, 0x0000000714100000|  0%| F|  |TAMS 0x0000000714000000, 0x0000000714000000| Untracked 
| 281|0x0000000714100000, 0x0000000714100000, 0x0000000714200000|  0%| F|  |TAMS 0x0000000714100000, 0x0000000714100000| Untracked 
| 282|0x0000000714200000, 0x0000000714200000, 0x0000000714300000|  0%| F|  |TAMS 0x0000000714200000, 0x0000000714200000| Untracked 
| 283|0x0000000714300000, 0x0000000714300000, 0x0000000714400000|  0%| F|  |TAMS 0x0000000714300000, 0x0000000714300000| Untracked 
| 284|0x0000000714400000, 0x0000000714400000, 0x0000000714500000|  0%| F|  |TAMS 0x0000000714400000, 0x0000000714400000| Untracked 
| 285|0x0000000714500000, 0x0000000714500000, 0x0000000714600000|  0%| F|  |TAMS 0x0000000714500000, 0x0000000714500000| Untracked 
| 286|0x0000000714600000, 0x0000000714600000, 0x0000000714700000|  0%| F|  |TAMS 0x0000000714600000, 0x0000000714600000| Untracked 
| 287|0x0000000714700000, 0x0000000714700000, 0x0000000714800000|  0%| F|  |TAMS 0x0000000714700000, 0x0000000714700000| Untracked 
| 288|0x0000000714800000, 0x0000000714800000, 0x0000000714900000|  0%| F|  |TAMS 0x0000000714800000, 0x0000000714800000| Untracked 
| 289|0x0000000714900000, 0x0000000714900000, 0x0000000714a00000|  0%| F|  |TAMS 0x0000000714900000, 0x0000000714900000| Untracked 
| 290|0x0000000714a00000, 0x0000000714a00000, 0x0000000714b00000|  0%| F|  |TAMS 0x0000000714a00000, 0x0000000714a00000| Untracked 
| 291|0x0000000714b00000, 0x0000000714b00000, 0x0000000714c00000|  0%| F|  |TAMS 0x0000000714b00000, 0x0000000714b00000| Untracked 
| 292|0x0000000714c00000, 0x0000000714c00000, 0x0000000714d00000|  0%| F|  |TAMS 0x0000000714c00000, 0x0000000714c00000| Untracked 
| 293|0x0000000714d00000, 0x0000000714d00000, 0x0000000714e00000|  0%| F|  |TAMS 0x0000000714d00000, 0x0000000714d00000| Untracked 
| 294|0x0000000714e00000, 0x0000000714e00000, 0x0000000714f00000|  0%| F|  |TAMS 0x0000000714e00000, 0x0000000714e00000| Untracked 
| 295|0x0000000714f00000, 0x0000000714f00000, 0x0000000715000000|  0%| F|  |TAMS 0x0000000714f00000, 0x0000000714f00000| Untracked 
| 296|0x0000000715000000, 0x0000000715000000, 0x0000000715100000|  0%| F|  |TAMS 0x0000000715000000, 0x0000000715000000| Untracked 
| 297|0x0000000715100000, 0x0000000715100000, 0x0000000715200000|  0%| F|  |TAMS 0x0000000715100000, 0x0000000715100000| Untracked 
| 298|0x0000000715200000, 0x0000000715200000, 0x0000000715300000|  0%| F|  |TAMS 0x0000000715200000, 0x0000000715200000| Untracked 
| 299|0x0000000715300000, 0x0000000715300000, 0x0000000715400000|  0%| F|  |TAMS 0x0000000715300000, 0x0000000715300000| Untracked 
| 300|0x0000000715400000, 0x0000000715400000, 0x0000000715500000|  0%| F|  |TAMS 0x0000000715400000, 0x0000000715400000| Untracked 
| 301|0x0000000715500000, 0x0000000715580800, 0x0000000715600000| 50%| E|  |TAMS 0x0000000715500000, 0x0000000715500000| Complete 
| 302|0x0000000715600000, 0x0000000715700000, 0x0000000715700000|100%| E|CS|TAMS 0x0000000715600000, 0x0000000715600000| Complete 
| 303|0x0000000715700000, 0x0000000715800000, 0x0000000715800000|100%| E|CS|TAMS 0x0000000715700000, 0x0000000715700000| Complete 
| 304|0x0000000715800000, 0x0000000715900000, 0x0000000715900000|100%| E|CS|TAMS 0x0000000715800000, 0x0000000715800000| Complete 

Card table byte_map: [0x0000023095e80000,0x0000023096670000] _byte_map_base: 0x000002309266c000

Marking Bits (Prev, Next): (CMBitMap*) 0x0000023082301070, (CMBitMap*) 0x0000023082301038
 Prev Bits: [0x000002309adc0000, 0x000002309ed20000)
 Next Bits: [0x0000023096e60000, 0x000002309adc0000)

Polling page: 0x0000023080290000

Metaspace:

Usage:
  Non-class:     56.53 MB capacity,    55.68 MB ( 99%) used,   674.95 KB (  1%) free+waste,   189.19 KB ( <1%) overhead. 
      Class:      8.54 MB capacity,     7.99 MB ( 93%) used,   484.20 KB (  6%) free+waste,    86.13 KB ( <1%) overhead. 
       Both:     65.07 MB capacity,    63.67 MB ( 98%) used,     1.13 MB (  2%) free+waste,   275.31 KB ( <1%) overhead. 

Virtual space:
  Non-class space:       58.00 MB reserved,      56.59 MB ( 98%) committed 
      Class space:        1.00 GB reserved,       8.63 MB ( <1%) committed 
             Both:        1.06 GB reserved,      65.21 MB (  6%) committed 

Chunk freelists:
   Non-Class:  63.00 KB
       Class:  0 bytes
        Both:  63.00 KB

MaxMetaspaceSize: 17179869184.00 GB
CompressedClassSpaceSize: 1.00 GB

CodeHeap 'non-profiled nmethods': size=120000Kb used=3086Kb max_used=3327Kb free=116913Kb
 bounds [0x000002308de30000, 0x000002308e180000, 0x0000023095360000]
CodeHeap 'profiled nmethods': size=120000Kb used=11417Kb max_used=11422Kb free=108582Kb
 bounds [0x0000023086900000, 0x0000023087450000, 0x000002308de30000]
CodeHeap 'non-nmethods': size=5760Kb used=1222Kb max_used=1270Kb free=4537Kb
 bounds [0x0000023086360000, 0x00000230865d0000, 0x0000023086900000]
 total_blobs=8882 nmethods=5290 adapters=484
 compilation: enabled
              stopped_count=0, restarted_count=0
 full_count=0

Compilation events (20 events):
Event: 81452.784 Thread 0x00000230a21b9800 6339       3       java.lang.ThreadLocal::createMap (14 bytes)
Event: 81452.784 Thread 0x00000230a21b9800 nmethod 6339 0x0000023086d6a710 code [0x0000023086d6a8e0, 0x0000023086d6ab50]
Event: 81452.790 Thread 0x00000230a21b5800 6340       4       java.util.Locale::getUnicodeLocaleType (54 bytes)
Event: 81452.796 Thread 0x00000230a21b5800 nmethod 6340 0x000002308e072b10 code [0x000002308e072cc0, 0x000002308e072ef8]
Event: 81524.904 Thread 0x00000230a21b5800 6341   !   4       java.net.AbstractPlainSocketImpl::releaseFD (74 bytes)
Event: 81524.905 Thread 0x00000230a21b5800 nmethod 6341 0x000002308e073c10 code [0x000002308e073da0, 0x000002308e074018]
Event: 81528.400 Thread 0x00000230a21b5800 6342       4       org.postgresql.core.PGStream::sendInteger2 (73 bytes)
Event: 81528.417 Thread 0x00000230a21b5800 nmethod 6342 0x000002308e0b5d10 code [0x000002308e0b5f00, 0x000002308e0b6ec8]
Event: 119478.131 Thread 0x00000230a21b5800 6343       4       java.util.stream.Collectors$$Lambda$75/0x0000000800149c40::accept (11 bytes)
Event: 119478.154 Thread 0x00000230a21b5800 nmethod 6343 0x000002308e082510 code [0x000002308e0826c0, 0x000002308e082c78]
Event: 119481.290 Thread 0x00000230a21b5800 6344       4       java.text.DecimalFormat::expandAffix (188 bytes)
Event: 119481.441 Thread 0x00000230a21b5800 nmethod 6344 0x000002308e0b3410 code [0x000002308e0b3640, 0x000002308e0b5330]
Event: 119481.626 Thread 0x00000230a21b9800 6345   !   3       java.net.URI$Parser::parseIPv4Address (67 bytes)
Event: 119481.631 Thread 0x00000230a21b9800 nmethod 6345 0x000002308706e290 code [0x000002308706e4e0, 0x000002308706eda0]
Event: 119481.631 Thread 0x00000230a21b9800 6346       3       java.net.URI$Parser::parseHostname (202 bytes)
Event: 119481.639 Thread 0x00000230a21b9800 nmethod 6346 0x0000023087440910 code [0x0000023087440da0, 0x0000023087442fc0]
Event: 119485.753 Thread 0x00000230a21b5800 6347       4       org.postgresql.core.v3.QueryExecutorImpl::receiveParameterStatus (476 bytes)
Event: 119485.964 Thread 0x00000230a21b5800 nmethod 6347 0x000002308e0d3e10 code [0x000002308e0d4140, 0x000002308e0d70f0]
Event: 121242.775 Thread 0x00000230a21b5800 6348       4       java.util.Collections$SingletonSet::contains (9 bytes)
Event: 121242.777 Thread 0x00000230a21b5800 nmethod 6348 0x000002308e073710 code [0x000002308e0738c0, 0x000002308e073af8]

GC Heap History (20 events):
Event: 122069.212 GC heap before
{Heap before GC invocations=2486 (full 0):
 garbage-first heap   total 312320K, used 223410K [0x0000000702800000, 0x0000000800000000)
  region size 1024K, 183 young (187392K), 1 survivors (1024K)
 Metaspace       used 65198K, capacity 66633K, committed 66780K, reserved 1107968K
  class space    used 8177K, capacity 8748K, committed 8832K, reserved 1048576K
}
Event: 122069.213 GC heap after
{Heap after GC invocations=2487 (full 0):
 garbage-first heap   total 312320K, used 37042K [0x0000000702800000, 0x0000000800000000)
  region size 1024K, 1 young (1024K), 1 survivors (1024K)
 Metaspace       used 65198K, capacity 66633K, committed 66780K, reserved 1107968K
  class space    used 8177K, capacity 8748K, committed 8832K, reserved 1048576K
}
Event: 122084.868 GC heap before
{Heap before GC invocations=2487 (full 0):
 garbage-first heap   total 312320K, used 223410K [0x0000000702800000, 0x0000000800000000)
  region size 1024K, 183 young (187392K), 1 survivors (1024K)
 Metaspace       used 65198K, capacity 66633K, committed 66780K, reserved 1107968K
  class space    used 8177K, capacity 8748K, committed 8832K, reserved 1048576K
}
Event: 122084.870 GC heap after
{Heap after GC invocations=2488 (full 0):
 garbage-first heap   total 312320K, used 37040K [0x0000000702800000, 0x0000000800000000)
  region size 1024K, 1 young (1024K), 1 survivors (1024K)
 Metaspace       used 65198K, capacity 66633K, committed 66780K, reserved 1107968K
  class space    used 8177K, capacity 8748K, committed 8832K, reserved 1048576K
}
Event: 122100.462 GC heap before
{Heap before GC invocations=2488 (full 0):
 garbage-first heap   total 312320K, used 223408K [0x0000000702800000, 0x0000000800000000)
  region size 1024K, 183 young (187392K), 1 survivors (1024K)
 Metaspace       used 65198K, capacity 66633K, committed 66780K, reserved 1107968K
  class space    used 8177K, capacity 8748K, committed 8832K, reserved 1048576K
}
Event: 122100.463 GC heap after
{Heap after GC invocations=2489 (full 0):
 garbage-first heap   total 312320K, used 37038K [0x0000000702800000, 0x0000000800000000)
  region size 1024K, 1 young (1024K), 1 survivors (1024K)
 Metaspace       used 65198K, capacity 66633K, committed 66780K, reserved 1107968K
  class space    used 8177K, capacity 8748K, committed 8832K, reserved 1048576K
}
Event: 122116.060 GC heap before
{Heap before GC invocations=2489 (full 0):
 garbage-first heap   total 312320K, used 223406K [0x0000000702800000, 0x0000000800000000)
  region size 1024K, 183 young (187392K), 1 survivors (1024K)
 Metaspace       used 65198K, capacity 66633K, committed 66780K, reserved 1107968K
  class space    used 8177K, capacity 8748K, committed 8832K, reserved 1048576K
}
Event: 122116.061 GC heap after
{Heap after GC invocations=2490 (full 0):
 garbage-first heap   total 312320K, used 37042K [0x0000000702800000, 0x0000000800000000)
  region size 1024K, 1 young (1024K), 1 survivors (1024K)
 Metaspace       used 65198K, capacity 66633K, committed 66780K, reserved 1107968K
  class space    used 8177K, capacity 8748K, committed 8832K, reserved 1048576K
}
Event: 122131.445 GC heap before
{Heap before GC invocations=2490 (full 0):
 garbage-first heap   total 312320K, used 223410K [0x0000000702800000, 0x0000000800000000)
  region size 1024K, 183 young (187392K), 1 survivors (1024K)
 Metaspace       used 65198K, capacity 66633K, committed 66780K, reserved 1107968K
  class space    used 8177K, capacity 8748K, committed 8832K, reserved 1048576K
}
Event: 122131.446 GC heap after
{Heap after GC invocations=2491 (full 0):
 garbage-first heap   total 312320K, used 37040K [0x0000000702800000, 0x0000000800000000)
  region size 1024K, 1 young (1024K), 1 survivors (1024K)
 Metaspace       used 65198K, capacity 66633K, committed 66780K, reserved 1107968K
  class space    used 8177K, capacity 8748K, committed 8832K, reserved 1048576K
}
Event: 122146.924 GC heap before
{Heap before GC invocations=2491 (full 0):
 garbage-first heap   total 312320K, used 223408K [0x0000000702800000, 0x0000000800000000)
  region size 1024K, 183 young (187392K), 1 survivors (1024K)
 Metaspace       used 65198K, capacity 66633K, committed 66780K, reserved 1107968K
  class space    used 8177K, capacity 8748K, committed 8832K, reserved 1048576K
}
Event: 122146.925 GC heap after
{Heap after GC invocations=2492 (full 0):
 garbage-first heap   total 312320K, used 37042K [0x0000000702800000, 0x0000000800000000)
  region size 1024K, 1 young (1024K), 1 survivors (1024K)
 Metaspace       used 65198K, capacity 66633K, committed 66780K, reserved 1107968K
  class space    used 8177K, capacity 8748K, committed 8832K, reserved 1048576K
}
Event: 122162.485 GC heap before
{Heap before GC invocations=2492 (full 0):
 garbage-first heap   total 312320K, used 223410K [0x0000000702800000, 0x0000000800000000)
  region size 1024K, 183 young (187392K), 1 survivors (1024K)
 Metaspace       used 65198K, capacity 66633K, committed 66780K, reserved 1107968K
  class space    used 8177K, capacity 8748K, committed 8832K, reserved 1048576K
}
Event: 122162.486 GC heap after
{Heap after GC invocations=2493 (full 0):
 garbage-first heap   total 312320K, used 37042K [0x0000000702800000, 0x0000000800000000)
  region size 1024K, 1 young (1024K), 1 survivors (1024K)
 Metaspace       used 65198K, capacity 66633K, committed 66780K, reserved 1107968K
  class space    used 8177K, capacity 8748K, committed 8832K, reserved 1048576K
}
Event: 122178.148 GC heap before
{Heap before GC invocations=2493 (full 0):
 garbage-first heap   total 312320K, used 223410K [0x0000000702800000, 0x0000000800000000)
  region size 1024K, 183 young (187392K), 1 survivors (1024K)
 Metaspace       used 65198K, capacity 66633K, committed 66780K, reserved 1107968K
  class space    used 8177K, capacity 8748K, committed 8832K, reserved 1048576K
}
Event: 122178.149 GC heap after
{Heap after GC invocations=2494 (full 0):
 garbage-first heap   total 312320K, used 37042K [0x0000000702800000, 0x0000000800000000)
  region size 1024K, 1 young (1024K), 1 survivors (1024K)
 Metaspace       used 65198K, capacity 66633K, committed 66780K, reserved 1107968K
  class space    used 8177K, capacity 8748K, committed 8832K, reserved 1048576K
}
Event: 122194.282 GC heap before
{Heap before GC invocations=2494 (full 0):
 garbage-first heap   total 312320K, used 223410K [0x0000000702800000, 0x0000000800000000)
  region size 1024K, 183 young (187392K), 1 survivors (1024K)
 Metaspace       used 65198K, capacity 66633K, committed 66780K, reserved 1107968K
  class space    used 8177K, capacity 8748K, committed 8832K, reserved 1048576K
}
Event: 122194.283 GC heap after
{Heap after GC invocations=2495 (full 0):
 garbage-first heap   total 312320K, used 37044K [0x0000000702800000, 0x0000000800000000)
  region size 1024K, 1 young (1024K), 1 survivors (1024K)
 Metaspace       used 65198K, capacity 66633K, committed 66780K, reserved 1107968K
  class space    used 8177K, capacity 8748K, committed 8832K, reserved 1048576K
}
Event: 123835.342 GC heap before
{Heap before GC invocations=2495 (full 0):
 garbage-first heap   total 312320K, used 223412K [0x0000000702800000, 0x0000000800000000)
  region size 1024K, 183 young (187392K), 1 survivors (1024K)
 Metaspace       used 65198K, capacity 66633K, committed 66780K, reserved 1107968K
  class space    used 8177K, capacity 8748K, committed 8832K, reserved 1048576K
}
Event: 123835.343 GC heap after
{Heap after GC invocations=2496 (full 0):
 garbage-first heap   total 312320K, used 37040K [0x0000000702800000, 0x0000000800000000)
  region size 1024K, 1 young (1024K), 1 survivors (1024K)
 Metaspace       used 65198K, capacity 66633K, committed 66780K, reserved 1107968K
  class space    used 8177K, capacity 8748K, committed 8832K, reserved 1048576K
}

Deoptimization events (20 events):
Event: 47088.977 Thread 0x00000230a7e51000 DEOPT PACKING pc=0x000002308e051810 sp=0x0000004a909fef30
Event: 47088.977 Thread 0x00000230a7e51000 DEOPT UNPACKING pc=0x00000230863891af sp=0x0000004a909fef38 mode 2
Event: 55916.984 Thread 0x00000230a7e53800 Uncommon trap: trap_request=0xffffff4d fr.pc=0x000002308def02d8 relative=0x00000000000000b8
Event: 55916.984 Thread 0x00000230a7e53800 Uncommon trap: reason=unstable_if action=reinterpret pc=0x000002308def02d8 method=java.util.concurrent.TimeUnit.convert(JLjava/util/concurrent/TimeUnit;)J @ 8 c2
Event: 55916.984 Thread 0x00000230a7e53800 DEOPT PACKING pc=0x000002308def02d8 sp=0x0000004a90dff010
Event: 55916.987 Thread 0x00000230a7e53800 DEOPT UNPACKING pc=0x00000230863891af sp=0x0000004a90dfefc0 mode 2
Event: 55917.001 Thread 0x00000230a7e53800 Uncommon trap: trap_request=0xffffff4d fr.pc=0x000002308e043068 relative=0x00000000000001c8
Event: 55917.003 Thread 0x00000230a7e53800 Uncommon trap: reason=unstable_if action=reinterpret pc=0x000002308e043068 method=java.lang.StringCoding.encodeUTF8(B[BZ)[B @ 18 c2
Event: 55917.003 Thread 0x00000230a7e53800 DEOPT PACKING pc=0x000002308e043068 sp=0x0000004a90dfe9f0
Event: 55917.004 Thread 0x00000230a7e53800 DEOPT UNPACKING pc=0x00000230863891af sp=0x0000004a90dfe988 mode 2
Event: 65507.171 Thread 0x00000230a7e53800 Uncommon trap: trap_request=0xffffff4d fr.pc=0x000002308de4dd04 relative=0x0000000000000164
Event: 65507.171 Thread 0x00000230a7e53800 Uncommon trap: reason=unstable_if action=reinterpret pc=0x000002308de4dd04 method=java.lang.StringCoding.hasNegatives([BII)Z @ 12 c2
Event: 65507.172 Thread 0x00000230a7e53800 DEOPT PACKING pc=0x000002308de4dd04 sp=0x0000004a90dfe950
Event: 65507.172 Thread 0x00000230a7e53800 DEOPT UNPACKING pc=0x00000230863891af sp=0x0000004a90dfe8e0 mode 2
Event: 65514.161 Thread 0x00000230a7e51000 Uncommon trap: trap_request=0xffffff4d fr.pc=0x000002308dfc6b88 relative=0x00000000000008e8
Event: 65514.176 Thread 0x00000230a7e51000 Uncommon trap: reason=unstable_if action=reinterpret pc=0x000002308dfc6b88 method=java.util.concurrent.locks.AbstractQueuedSynchronizer.isOnSyncQueue(Ljava/util/concurrent/locks/AbstractQueuedSynchronizer$Node;)Z @ 22 c2
Event: 65514.178 Thread 0x00000230a7e51000 DEOPT PACKING pc=0x000002308dfc6b88 sp=0x0000004a909fee60
Event: 65514.178 Thread 0x00000230a7e51000 DEOPT UNPACKING pc=0x00000230863891af sp=0x0000004a909fedb8 mode 2
Event: 70856.430 Thread 0x00000230a95a0800 DEOPT PACKING pc=0x000002308692eef0 sp=0x0000004a8fdfdd80
Event: 70856.430 Thread 0x00000230a95a0800 DEOPT UNPACKING pc=0x0000023086388fce sp=0x0000004a8fdfd208 mode 0

Classes redefined (0 events):
No events

Internal exceptions (20 events):
Event: 43391.564 Thread 0x00000230a959b800 Exception <a 'java/net/SocketException'{0x000000070c881d90}: Permission denied: connect> (0x000000070c881d90) thrown at [c:/BuildAgent/work/5ff2f6c26000d570/src/hotspot/share/prims/jni.cpp, line 636]
Event: 43401.565 Thread 0x00000230a959b800 Exception <a 'java/net/SocketException'{0x0000000711b01438}: Permission denied: connect> (0x0000000711b01438) thrown at [c:/BuildAgent/work/5ff2f6c26000d570/src/hotspot/share/prims/jni.cpp, line 636]
Event: 43411.566 Thread 0x00000230a959b800 Exception <a 'java/net/SocketException'{0x000000070c681478}: Permission denied: connect> (0x000000070c681478) thrown at [c:/BuildAgent/work/5ff2f6c26000d570/src/hotspot/share/prims/jni.cpp, line 636]
Event: 43421.566 Thread 0x00000230a959b800 Exception <a 'java/net/SocketException'{0x0000000711f015b8}: Permission denied: connect> (0x0000000711f015b8) thrown at [c:/BuildAgent/work/5ff2f6c26000d570/src/hotspot/share/prims/jni.cpp, line 636]
Event: 43431.568 Thread 0x00000230a959b800 Exception <a 'java/net/SocketException'{0x000000070c6815c0}: Permission denied: connect> (0x000000070c6815c0) thrown at [c:/BuildAgent/work/5ff2f6c26000d570/src/hotspot/share/prims/jni.cpp, line 636]
Event: 43441.569 Thread 0x00000230a959b800 Exception <a 'java/net/SocketException'{0x0000000712481a00}: Permission denied: connect> (0x0000000712481a00) thrown at [c:/BuildAgent/work/5ff2f6c26000d570/src/hotspot/share/prims/jni.cpp, line 636]
Event: 43451.571 Thread 0x00000230a959b800 Exception <a 'java/net/SocketException'{0x000000070cb01578}: Permission denied: connect> (0x000000070cb01578) thrown at [c:/BuildAgent/work/5ff2f6c26000d570/src/hotspot/share/prims/jni.cpp, line 636]
Event: 43461.583 Thread 0x00000230a959b800 Exception <a 'java/net/SocketException'{0x0000000713201438}: Permission denied: connect> (0x0000000713201438) thrown at [c:/BuildAgent/work/5ff2f6c26000d570/src/hotspot/share/prims/jni.cpp, line 636]
Event: 43471.585 Thread 0x00000230a959b800 Exception <a 'java/net/SocketException'{0x000000070d700c70}: Permission denied: connect> (0x000000070d700c70) thrown at [c:/BuildAgent/work/5ff2f6c26000d570/src/hotspot/share/prims/jni.cpp, line 636]
Event: 43481.586 Thread 0x00000230a959b800 Exception <a 'java/net/SocketException'{0x0000000712b81db0}: Permission denied: connect> (0x0000000712b81db0) thrown at [c:/BuildAgent/work/5ff2f6c26000d570/src/hotspot/share/prims/jni.cpp, line 636]
Event: 61200.127 Thread 0x00000230a959a800 Exception <a 'java/net/SocketException'{0x000000070ae00088}: Connection reset by peer: socket write error> (0x000000070ae00088) thrown at [c:/BuildAgent/work/5ff2f6c26000d570/src/hotspot/share/prims/jni.cpp, line 636]
Event: 61222.284 Thread 0x00000230a959b800 Exception <a 'java/net/SocketException'{0x000000070f681300}: Connection reset by peer: socket write error> (0x000000070f681300) thrown at [c:/BuildAgent/work/5ff2f6c26000d570/src/hotspot/share/prims/jni.cpp, line 636]
Event: 61231.679 Thread 0x00000230a9598800 Exception <a 'java/net/SocketException'{0x0000000712f00888}: Connection reset by peer: socket write error> (0x0000000712f00888) thrown at [c:/BuildAgent/work/5ff2f6c26000d570/src/hotspot/share/prims/jni.cpp, line 636]
Event: 61232.865 Thread 0x00000230a9598800 Exception <a 'java/net/SocketException'{0x0000000712f00c38}: Connection reset by peer: socket write error> (0x0000000712f00c38) thrown at [c:/BuildAgent/work/5ff2f6c26000d570/src/hotspot/share/prims/jni.cpp, line 636]
Event: 61246.154 Thread 0x00000230a959b800 Exception <a 'java/net/SocketException'{0x0000000712700888}: Connection reset by peer: socket write error> (0x0000000712700888) thrown at [c:/BuildAgent/work/5ff2f6c26000d570/src/hotspot/share/prims/jni.cpp, line 636]
Event: 61251.026 Thread 0x00000230a959b800 Exception <a 'java/net/SocketException'{0x0000000712700c38}: Connection reset by peer: socket write error> (0x0000000712700c38) thrown at [c:/BuildAgent/work/5ff2f6c26000d570/src/hotspot/share/prims/jni.cpp, line 636]
Event: 61251.709 Thread 0x00000230a959b800 Exception <a 'java/net/SocketException'{0x0000000712700fe8}: Connection reset by peer: socket write error> (0x0000000712700fe8) thrown at [c:/BuildAgent/work/5ff2f6c26000d570/src/hotspot/share/prims/jni.cpp, line 636]
Event: 61252.945 Thread 0x00000230a959b800 Exception <a 'java/net/SocketException'{0x0000000712701398}: Connection reset by peer: socket write error> (0x0000000712701398) thrown at [c:/BuildAgent/work/5ff2f6c26000d570/src/hotspot/share/prims/jni.cpp, line 636]
Event: 61271.118 Thread 0x00000230a9598800 Exception <a 'java/net/SocketException'{0x0000000714a81300}: Connection reset by peer: socket write error> (0x0000000714a81300) thrown at [c:/BuildAgent/work/5ff2f6c26000d570/src/hotspot/share/prims/jni.cpp, line 636]
Event: 61275.236 Thread 0x00000230a9598800 Exception <a 'java/net/SocketException'{0x0000000714a816b0}: Connection reset by peer: socket write error> (0x0000000714a816b0) thrown at [c:/BuildAgent/work/5ff2f6c26000d570/src/hotspot/share/prims/jni.cpp, line 636]

Events (20 events):
Event: 122069.212 Executing VM operation: G1CollectForAllocation
Event: 122069.213 Executing VM operation: G1CollectForAllocation done
Event: 122084.868 Executing VM operation: G1CollectForAllocation
Event: 122084.870 Executing VM operation: G1CollectForAllocation done
Event: 122100.462 Executing VM operation: G1CollectForAllocation
Event: 122100.463 Executing VM operation: G1CollectForAllocation done
Event: 122116.060 Executing VM operation: G1CollectForAllocation
Event: 122116.061 Executing VM operation: G1CollectForAllocation done
Event: 122131.445 Executing VM operation: G1CollectForAllocation
Event: 122131.446 Executing VM operation: G1CollectForAllocation done
Event: 122146.924 Executing VM operation: G1CollectForAllocation
Event: 122146.925 Executing VM operation: G1CollectForAllocation done
Event: 122162.484 Executing VM operation: G1CollectForAllocation
Event: 122162.486 Executing VM operation: G1CollectForAllocation done
Event: 122178.148 Executing VM operation: G1CollectForAllocation
Event: 122178.149 Executing VM operation: G1CollectForAllocation done
Event: 122194.282 Executing VM operation: G1CollectForAllocation
Event: 122194.283 Executing VM operation: G1CollectForAllocation done
Event: 123835.342 Executing VM operation: G1CollectForAllocation
Event: 123835.343 Executing VM operation: G1CollectForAllocation done


Dynamic libraries:
0x00007ff6cbb60000 - 0x00007ff6cbb6a000 	C:\Program Files\JetBrains\IntelliJ IDEA Community Edition 2019.3.3\jbr\bin\java.exe
0x00007ffe8b9a0000 - 0x00007ffe8bb90000 	C:\WINDOWS\SYSTEM32\ntdll.dll
0x00007ffe89b70000 - 0x00007ffe89c22000 	C:\WINDOWS\System32\KERNEL32.DLL
0x00007ffe88930000 - 0x00007ffe88bd3000 	C:\WINDOWS\System32\KERNELBASE.dll
0x00007ffe89630000 - 0x00007ffe8972a000 	C:\WINDOWS\System32\ucrtbase.dll
0x00007ffe274f0000 - 0x00007ffe27507000 	C:\Program Files\JetBrains\IntelliJ IDEA Community Edition 2019.3.3\jbr\bin\VCRUNTIME140.dll
0x00007ffe27510000 - 0x00007ffe27529000 	C:\Program Files\JetBrains\IntelliJ IDEA Community Edition 2019.3.3\jbr\bin\jli.dll
0x00007ffe8a510000 - 0x00007ffe8a6a4000 	C:\WINDOWS\System32\USER32.dll
0x00007ffe893b0000 - 0x00007ffe893d1000 	C:\WINDOWS\System32\win32u.dll
0x00007ffe78620000 - 0x00007ffe788a5000 	C:\WINDOWS\WinSxS\amd64_microsoft.windows.common-controls_6595b64144ccf1df_6.0.18362.476_none_e6c4b11b130f2595\COMCTL32.dll
0x00007ffe8b930000 - 0x00007ffe8b956000 	C:\WINDOWS\System32\GDI32.dll
0x00007ffe89cc0000 - 0x00007ffe89d5e000 	C:\WINDOWS\System32\msvcrt.dll
0x00007ffe89490000 - 0x00007ffe89624000 	C:\WINDOWS\System32\gdi32full.dll
0x00007ffe8a1d0000 - 0x00007ffe8a506000 	C:\WINDOWS\System32\combase.dll
0x00007ffe89930000 - 0x00007ffe899ce000 	C:\WINDOWS\System32\msvcp_win.dll
0x00007ffe89a50000 - 0x00007ffe89b70000 	C:\WINDOWS\System32\RPCRT4.dll
0x00007ffe899d0000 - 0x00007ffe89a50000 	C:\WINDOWS\System32\bcryptPrimitives.dll
0x00007ffe8b440000 - 0x00007ffe8b46e000 	C:\WINDOWS\System32\IMM32.DLL
0x00007ffe27450000 - 0x00007ffe274ed000 	C:\Program Files\JetBrains\IntelliJ IDEA Community Edition 2019.3.3\jbr\bin\msvcp140.dll
0x00007ffe468e0000 - 0x00007ffe4739d000 	C:\Program Files\JetBrains\IntelliJ IDEA Community Edition 2019.3.3\jbr\bin\server\jvm.dll
0x00007ffe8b5e0000 - 0x00007ffe8b683000 	C:\WINDOWS\System32\ADVAPI32.dll
0x00007ffe8b750000 - 0x00007ffe8b7e7000 	C:\WINDOWS\System32\sechost.dll
0x00007ffe89cb0000 - 0x00007ffe89cb8000 	C:\WINDOWS\System32\PSAPI.DLL
0x00007ffe87090000 - 0x00007ffe87099000 	C:\WINDOWS\SYSTEM32\WSOCK32.dll
0x00007ffe86300000 - 0x00007ffe86324000 	C:\WINDOWS\SYSTEM32\WINMM.dll
0x00007ffe8b8c0000 - 0x00007ffe8b92f000 	C:\WINDOWS\System32\WS2_32.dll
0x00007ffe7f6c0000 - 0x00007ffe7f6ca000 	C:\WINDOWS\SYSTEM32\VERSION.dll
0x00007ffe862d0000 - 0x00007ffe862fd000 	C:\WINDOWS\SYSTEM32\winmmbase.dll
0x00007ffe88be0000 - 0x00007ffe88c2a000 	C:\WINDOWS\System32\cfgmgr32.dll
0x00007ffe88880000 - 0x00007ffe88891000 	C:\WINDOWS\System32\kernel.appcore.dll
0x00007ffe847f0000 - 0x00007ffe84801000 	C:\Program Files\JetBrains\IntelliJ IDEA Community Edition 2019.3.3\jbr\bin\verify.dll
0x00007ffe86e90000 - 0x00007ffe87084000 	C:\WINDOWS\SYSTEM32\DBGHELP.DLL
0x00007ffe6d250000 - 0x00007ffe6d27a000 	C:\WINDOWS\SYSTEM32\dbgcore.DLL
0x00007ffe847c0000 - 0x00007ffe847e9000 	C:\Program Files\JetBrains\IntelliJ IDEA Community Edition 2019.3.3\jbr\bin\java.dll
0x00007ffe84a60000 - 0x00007ffe84a6f000 	C:\Program Files\JetBrains\IntelliJ IDEA Community Edition 2019.3.3\jbr\bin\instrument.dll
0x00007ffe7a7a0000 - 0x00007ffe7a7b8000 	C:\Program Files\JetBrains\IntelliJ IDEA Community Edition 2019.3.3\jbr\bin\zip.dll
0x00007ffe82170000 - 0x00007ffe8217b000 	C:\Program Files\JetBrains\IntelliJ IDEA Community Edition 2019.3.3\jbr\bin\jimage.dll
0x00007ffe8a6b0000 - 0x00007ffe8ad95000 	C:\WINDOWS\System32\SHELL32.dll
0x00007ffe8b390000 - 0x00007ffe8b439000 	C:\WINDOWS\System32\shcore.dll
0x00007ffe88c30000 - 0x00007ffe893ae000 	C:\WINDOWS\System32\windows.storage.dll
0x00007ffe88910000 - 0x00007ffe8892f000 	C:\WINDOWS\System32\profapi.dll
0x00007ffe888a0000 - 0x00007ffe888ea000 	C:\WINDOWS\System32\powrprof.dll
0x00007ffe88870000 - 0x00007ffe88880000 	C:\WINDOWS\System32\UMPDC.dll
0x00007ffe8b6f0000 - 0x00007ffe8b742000 	C:\WINDOWS\System32\shlwapi.dll
0x00007ffe89910000 - 0x00007ffe89927000 	C:\WINDOWS\System32\cryptsp.dll
0x00007ffe79670000 - 0x00007ffe7968a000 	C:\Program Files\JetBrains\IntelliJ IDEA Community Edition 2019.3.3\jbr\bin\net.dll
0x00007ffe808b0000 - 0x00007ffe809a0000 	C:\WINDOWS\SYSTEM32\WINHTTP.dll
0x00007ffe88090000 - 0x00007ffe880f7000 	C:\WINDOWS\system32\mswsock.dll
0x00007ffe79650000 - 0x00007ffe79664000 	C:\Program Files\JetBrains\IntelliJ IDEA Community Edition 2019.3.3\jbr\bin\nio.dll
0x00007ffe83360000 - 0x00007ffe8337a000 	C:\Program Files\JetBrains\IntelliJ IDEA Community Edition 2019.3.3\bin\breakgen64.dll
0x00007ffe7e9a0000 - 0x00007ffe7e9aa000 	C:\Program Files\JetBrains\IntelliJ IDEA Community Edition 2019.3.3\jbr\bin\management.dll
0x00007ffe7e3c0000 - 0x00007ffe7e3cc000 	C:\Program Files\JetBrains\IntelliJ IDEA Community Edition 2019.3.3\jbr\bin\management_ext.dll
0x00007ffe61260000 - 0x00007ffe61276000 	C:\WINDOWS\system32\napinsp.dll
0x00007ffe75ca0000 - 0x00007ffe75cba000 	C:\WINDOWS\system32\pnrpnsp.dll
0x00007ffe87df0000 - 0x00007ffe87eba000 	C:\WINDOWS\SYSTEM32\DNSAPI.dll
0x00007ffe8b470000 - 0x00007ffe8b478000 	C:\WINDOWS\System32\NSI.dll
0x00007ffe87db0000 - 0x00007ffe87dea000 	C:\WINDOWS\SYSTEM32\IPHLPAPI.DLL
0x00007ffe67b20000 - 0x00007ffe67b2e000 	C:\WINDOWS\System32\winrnr.dll
0x00007ffe84970000 - 0x00007ffe8498c000 	C:\WINDOWS\system32\NLAapi.dll
0x00007ffe7e250000 - 0x00007ffe7e265000 	C:\WINDOWS\system32\wshbth.dll
0x00007ffe784a0000 - 0x00007ffe784aa000 	C:\Windows\System32\rasadhlp.dll
0x00007ffe838c0000 - 0x00007ffe83937000 	C:\WINDOWS\System32\fwpuclnt.dll
0x00007ffe898e0000 - 0x00007ffe89906000 	C:\WINDOWS\System32\bcrypt.dll
0x00007ffe879a0000 - 0x00007ffe879d3000 	C:\WINDOWS\system32\rsaenh.dll
0x00007ffe88790000 - 0x00007ffe887b5000 	C:\WINDOWS\SYSTEM32\USERENV.dll
0x00007ffe88210000 - 0x00007ffe8821c000 	C:\WINDOWS\SYSTEM32\CRYPTBASE.dll
0x00007ffe833b0000 - 0x00007ffe833c6000 	C:\WINDOWS\SYSTEM32\dhcpcsvc6.DLL
0x00007ffe83380000 - 0x00007ffe8339c000 	C:\WINDOWS\SYSTEM32\dhcpcsvc.DLL

dbghelp: loaded successfully - version: 4.0.5 - missing functions: none
symbol engine: initialized successfully - sym options: 0x614 - pdb path: .;C:\Program Files\JetBrains\IntelliJ IDEA Community Edition 2019.3.3\jbr\bin;C:\WINDOWS\SYSTEM32;C:\WINDOWS\WinSxS\amd64_microsoft.windows.common-controls_6595b64144ccf1df_6.0.18362.476_none_e6c4b11b130f2595;C:\Program Files\JetBrains\IntelliJ IDEA Community Edition 2019.3.3\jbr\bin\server;C:\Program Files\JetBrains\IntelliJ IDEA Community Edition 2019.3.3\bin

VM Arguments:
jvm_args: -javaagent:C:\Program Files\JetBrains\IntelliJ IDEA Community Edition 2019.3.3\lib\idea_rt.jar=53519:C:\Program Files\JetBrains\IntelliJ IDEA Community Edition 2019.3.3\bin -Dfile.encoding=UTF-8 
java_command: com.pluralsight.conferincedemo.ConferinceDemoApplication
java_class_path (initial): C:\Users\giurgiur\Downloads\conferince-demo\conferince-demo\target\classes;C:\Users\giurgiur\.m2\repository\org\springframework\boot\spring-boot-starter-web\2.2.6.RELEASE\spring-boot-starter-web-2.2.6.RELEASE.jar;C:\Users\giurgiur\.m2\repository\org\springframework\boot\spring-boot-starter\2.2.6.RELEASE\spring-boot-starter-2.2.6.RELEASE.jar;C:\Users\giurgiur\.m2\repository\org\springframework\boot\spring-boot\2.2.6.RELEASE\spring-boot-2.2.6.RELEASE.jar;C:\Users\giurgiur\.m2\repository\org\springframework\boot\spring-boot-autoconfigure\2.2.6.RELEASE\spring-boot-autoconfigure-2.2.6.RELEASE.jar;C:\Users\giurgiur\.m2\repository\org\springframework\boot\spring-boot-starter-logging\2.2.6.RELEASE\spring-boot-starter-logging-2.2.6.RELEASE.jar;C:\Users\giurgiur\.m2\repository\ch\qos\logback\logback-classic\1.2.3\logback-classic-1.2.3.jar;C:\Users\giurgiur\.m2\repository\ch\qos\logback\logback-core\1.2.3\logback-core-1.2.3.jar;C:\Users\giurgiur\.m2\repository\org\apache\logging\log4j\log4j-to-slf4j\2.12.1\log4j-to-slf4j-2.12.1.jar;C:\Users\giurgiur\.m2\repository\org\apache\logging\log4j\log4j-api\2.12.1\log4j-api-2.12.1.jar;C:\Users\giurgiur\.m2\repository\org\slf4j\jul-to-slf4j\1.7.30\jul-to-slf4j-1.7.30.jar;C:\Users\giurgiur\.m2\repository\jakarta\annotation\jakarta.annotation-api\1.3.5\jakarta.annotation-api-1.3.5.jar;C:\Users\giurgiur\.m2\repository\org\yaml\snakeyaml\1.25\snakeyaml-1.25.jar;C:\Users\giurgiur\.m2\repository\org\springframework\boot\spring-boot-starter-json\2.2.6.RELEASE\spring-boot-starter-json-2.2.6.RELEASE.jar;C:\Users\giurgiur\.m2\repository\com\fasterxml\jackson\core\jackson-databind\2.10.3\jackson-databind-2.10.3.jar;C:\Users\giurgiur\.m2\repository\com\fasterxml\jackson\core\jackson-annotations\2.10.3\jackson-annotations-2.10.3.jar;C:\Users\giurgiur\.m2\repository\com\fasterxml\jackson\core\jackson-core\2.10.3\jackson-core-2.10.3.jar;C:\Users\giurgiur\.m2\repository\com\fasterxml\jackson\datatype\jackson-datatype-jdk8\2
Launcher Type: SUN_STANDARD

[Global flags]
     intx CICompilerCount                          = 4                                         {product} {ergonomic}
     uint ConcGCThreads                            = 2                                         {product} {ergonomic}
     uint G1ConcRefinementThreads                  = 8                                         {product} {ergonomic}
   size_t G1HeapRegionSize                         = 1048576                                   {product} {ergonomic}
    uintx GCDrainStackTargetSize                   = 64                                        {product} {ergonomic}
   size_t InitialHeapSize                          = 266338304                                 {product} {ergonomic}
   size_t MarkStackSize                            = 4194304                                   {product} {ergonomic}
   size_t MaxHeapSize                              = 4253024256                                {product} {ergonomic}
   size_t MaxNewSize                               = 2551185408                                {product} {ergonomic}
   size_t MinHeapDeltaBytes                        = 1048576                                   {product} {ergonomic}
    uintx NonNMethodCodeHeapSize                   = 5836300                                {pd product} {ergonomic}
    uintx NonProfiledCodeHeapSize                  = 122910970                              {pd product} {ergonomic}
    uintx ProfiledCodeHeapSize                     = 122910970                              {pd product} {ergonomic}
    uintx ReservedCodeCacheSize                    = 251658240                              {pd product} {ergonomic}
     bool SegmentedCodeCache                       = true                                      {product} {ergonomic}
     bool UseCompressedClassPointers               = true                                 {lp64_product} {ergonomic}
     bool UseCompressedOops                        = true                                 {lp64_product} {ergonomic}
     bool UseG1GC                                  = true                                      {product} {ergonomic}
     bool UseLargePagesIndividualAllocation        = false                                  {pd product} {ergonomic}

Logging:
Log output configuration:
 #0: stdout all=warning uptime,level,tags
 #1: stderr all=off uptime,level,tags

Environment Variables:
JAVA_HOME=C:\Program Files\AdoptOpenJDK\jdk-11.0.5.10-hotspot\
PATH=C:\Program Files\AdoptOpenJDK\jdk-11.0.5.10-hotspot\bin;C:\Program Files (x86)\Common Files\Oracle\Java\javapath;C:\ProgramData\DockerDesktop\version-bin;C:\Program Files\Docker\Docker\Resources\bin;C:\ProgramData\Oracle\Java\javapath;C:\Program Files (x86)\Intel\iCLS Client\;C:\Program Files\Intel\iCLS Client\;C:\WINDOWS\system32;C:\WINDOWS;C:\WINDOWS\System32\Wbem;C:\WINDOWS\System32\WindowsPowerShell\v1.0\;C:\Program Files (x86)\Intel\Intel(R) Management Engine Components\DAL;C:\Program Files\Intel\Intel(R) Management Engine Components\DAL;C:\Program Files (x86)\Intel\Intel(R) Management Engine Components\IPT;C:\Program Files\Intel\Intel(R) Management Engine Components\IPT;C:\ProgramData\ComposerSetup\bin;C:\Program Files\PuTTY\;C:\AEM\lazybones-0.8.3\bin;C:\Program Files\apache-maven-3.5.2\bin;C:\Program Files\AdoptOpenJDK\jdk-11.0.5.10-hotspot\\bin;C:\repo;C:\Program Files\ffmpeg-4.0.1-win64-static\bin;C:\Program Files\nodejs\;C:\Program Files (x86)\Yarn\bin\;C:\WINDOWS\System32\OpenSSH\;C:\Program Files\Git\cmd;C:\Program Files\Symfony;C:\Users\giurgiur\AppData\Local\Microsoft\WindowsApps;C:\xampp\php;C:\Users\giurgiur\AppData\Roaming\Composer\vendor\bin;C:\Users\giurgiur\AppData\Roaming\npm;C:\Users\giurgiur\AppData\Local\Yarn\bin;C:\Users\giurgiur\AppData\Local\atom\bin;C:\Users\giurgiur\AppData\Local\Microsoft\WindowsApps;;C:\Program Files\JetBrains\IntelliJ IDEA Community Edition 2019.3.3\bin;
USERNAME=giurgiur
OS=Windows_NT
PROCESSOR_IDENTIFIER=Intel64 Family 6 Model 94 Stepping 3, GenuineIntel



---------------  S Y S T E M  ---------------

OS: Windows 10 , 64 bit Build 18362 (10.0.18362.329)
HyperV virtualization detected

CPU:total 8 (initial active 8) (4 cores per cpu, 2 threads per core) family 6 model 94 stepping 3, cmov, cx8, fxsr, mmx, sse, sse2, sse3, ssse3, sse4.1, sse4.2, popcnt, avx, avx2, aes, clmul, erms, rtm, 3dnowpref, lzcnt, ht, tsc, tscinvbit, bmi1, bmi2, adx, fma

Memory: 4k page, system-wide physical 16219M (5716M free)
TotalPageFile size 25645M (AvailPageFile size 4346M)
current process WorkingSet (physical memory assigned to process): 242M, peak: 420M
current process commit charge ("private bytes"): 495M, peak: 570M

vm_info: OpenJDK 64-Bit Server VM (11.0.6+8-b520.43) for windows-amd64 JRE (11.0.6+8-b520.43), built on Feb  3 2020 14:18:56 by "" with MS VC++ 14.0 (VS2015)

END.
